<?xml version="1.0" encoding="UTF-8"?>
<coverage generated="1589281074377" clover="3.2.0">
  <project timestamp="1589281074378" name="All files">
    <metrics statements="369" coveredstatements="298" conditionals="127" coveredconditionals="107" methods="87" coveredmethods="44" elements="583" coveredelements="449" complexity="0" loc="369" ncloc="369" packages="3" files="8" classes="8"/>
    <package name="build">
      <metrics statements="8" coveredstatements="8" conditionals="2" coveredconditionals="2" methods="3" coveredmethods="3"/>
      <file name="util.js" path="/home/bikeboi/Work/uni/swe/property-tycoon/build/util.js">
        <metrics statements="8" coveredstatements="8" conditionals="2" coveredconditionals="2" methods="3" coveredmethods="3"/>
        <line num="9" count="3" type="stmt"/>
        <line num="11" count="3" type="stmt"/>
        <line num="18" count="12" type="stmt"/>
        <line num="19" count="12" type="stmt"/>
        <line num="20" count="30" type="stmt"/>
        <line num="22" count="12" type="stmt"/>
        <line num="24" count="3" type="stmt"/>
        <line num="26" count="3" type="stmt"/>
      </file>
    </package>
    <package name="build.core">
      <metrics statements="72" coveredstatements="42" conditionals="33" coveredconditionals="19" methods="16" coveredmethods="11"/>
      <file name="core.js" path="/home/bikeboi/Work/uni/swe/property-tycoon/build/core/core.js">
        <metrics statements="72" coveredstatements="42" conditionals="33" coveredconditionals="19" methods="16" coveredmethods="11"/>
        <line num="10" count="1" type="cond" truecount="3" falsecount="0"/>
        <line num="11" count="1" type="cond" truecount="3" falsecount="1"/>
        <line num="12" count="0" type="stmt"/>
        <line num="13" count="0" type="cond" truecount="0" falsecount="4"/>
        <line num="14" count="0" type="stmt"/>
        <line num="15" count="0" type="stmt"/>
        <line num="17" count="1" type="cond" truecount="3" falsecount="0"/>
        <line num="18" count="1" type="cond" truecount="3" falsecount="1"/>
        <line num="20" count="1" type="stmt"/>
        <line num="21" count="1" type="stmt"/>
        <line num="22" count="1" type="stmt"/>
        <line num="23" count="1" type="stmt"/>
        <line num="24" count="1" type="stmt"/>
        <line num="25" count="1" type="stmt"/>
        <line num="26" count="1" type="stmt"/>
        <line num="32" count="0" type="stmt"/>
        <line num="40" count="0" type="stmt"/>
        <line num="41" count="0" type="stmt"/>
        <line num="42" count="0" type="cond" truecount="0" falsecount="2"/>
        <line num="45" count="0" type="stmt"/>
        <line num="47" count="0" type="stmt"/>
        <line num="48" count="0" type="cond" truecount="0" falsecount="5"/>
        <line num="50" count="0" type="stmt"/>
        <line num="51" count="0" type="stmt"/>
        <line num="53" count="0" type="stmt"/>
        <line num="54" count="0" type="stmt"/>
        <line num="56" count="0" type="stmt"/>
        <line num="57" count="0" type="stmt"/>
        <line num="59" count="0" type="stmt"/>
        <line num="60" count="0" type="stmt"/>
        <line num="62" count="0" type="stmt"/>
        <line num="63" count="0" type="stmt"/>
        <line num="68" count="0" type="stmt"/>
        <line num="71" count="1" type="stmt"/>
        <line num="74" count="1" type="stmt"/>
        <line num="79" count="6" type="stmt"/>
        <line num="81" count="6" type="stmt"/>
        <line num="82" count="6" type="stmt"/>
        <line num="83" count="24" type="stmt"/>
        <line num="84" count="24" type="cond" truecount="2" falsecount="0"/>
        <line num="87" count="20" type="stmt"/>
        <line num="88" count="6" type="stmt"/>
        <line num="94" count="6" type="stmt"/>
        <line num="96" count="1" type="stmt"/>
        <line num="102" count="1" type="stmt"/>
        <line num="103" count="1" type="stmt"/>
        <line num="105" count="1" type="stmt"/>
        <line num="111" count="0" type="stmt"/>
        <line num="112" count="0" type="stmt"/>
        <line num="114" count="1" type="stmt"/>
        <line num="120" count="1" type="stmt"/>
        <line num="121" count="1" type="stmt"/>
        <line num="123" count="1" type="stmt"/>
        <line num="130" count="1" type="stmt"/>
        <line num="131" count="1" type="stmt"/>
        <line num="132" count="1" type="stmt"/>
        <line num="133" count="1" type="stmt"/>
        <line num="134" count="1" type="stmt"/>
        <line num="136" count="1" type="cond" truecount="1" falsecount="1"/>
        <line num="137" count="1" type="stmt"/>
        <line num="138" count="1" type="stmt"/>
        <line num="140" count="1" type="stmt"/>
        <line num="142" count="1" type="stmt"/>
        <line num="147" count="1" type="stmt"/>
        <line num="155" count="0" type="stmt"/>
        <line num="156" count="0" type="stmt"/>
        <line num="157" count="0" type="stmt"/>
        <line num="159" count="0" type="stmt"/>
        <line num="161" count="0" type="stmt"/>
        <line num="169" count="0" type="stmt"/>
        <line num="171" count="1" type="stmt"/>
        <line num="174" count="1" type="stmt"/>
      </file>
    </package>
    <package name="build.game_data">
      <metrics statements="289" coveredstatements="248" conditionals="92" coveredconditionals="86" methods="68" coveredmethods="30"/>
      <file name="command.js" path="/home/bikeboi/Work/uni/swe/property-tycoon/build/game_data/command.js">
        <metrics statements="39" coveredstatements="26" conditionals="4" coveredconditionals="4" methods="13" coveredmethods="2"/>
        <line num="13" count="1" type="stmt"/>
        <line num="23" count="1" type="stmt"/>
        <line num="24" count="1" type="stmt"/>
        <line num="25" count="1" type="stmt"/>
        <line num="26" count="1" type="stmt"/>
        <line num="27" count="1" type="stmt"/>
        <line num="28" count="1" type="stmt"/>
        <line num="29" count="1" type="stmt"/>
        <line num="30" count="1" type="stmt"/>
        <line num="31" count="1" type="stmt"/>
        <line num="32" count="1" type="stmt"/>
        <line num="33" count="1" type="stmt"/>
        <line num="35" count="1" type="stmt"/>
        <line num="40" count="1" type="stmt"/>
        <line num="46" count="0" type="stmt"/>
        <line num="51" count="1" type="stmt"/>
        <line num="57" count="0" type="stmt"/>
        <line num="59" count="1" type="stmt"/>
        <line num="64" count="0" type="stmt"/>
        <line num="66" count="1" type="stmt"/>
        <line num="71" count="0" type="stmt"/>
        <line num="73" count="1" type="stmt"/>
        <line num="79" count="0" type="stmt"/>
        <line num="84" count="1" type="stmt"/>
        <line num="90" count="0" type="stmt"/>
        <line num="95" count="1" type="stmt"/>
        <line num="101" count="0" type="stmt"/>
        <line num="106" count="1" type="stmt"/>
        <line num="111" count="0" type="stmt"/>
        <line num="113" count="1" type="stmt"/>
        <line num="121" count="0" type="stmt"/>
        <line num="126" count="1" type="stmt"/>
        <line num="131" count="0" type="stmt"/>
        <line num="133" count="1" type="stmt"/>
        <line num="140" count="0" type="stmt"/>
        <line num="141" count="0" type="stmt"/>
        <line num="143" count="0" type="stmt"/>
        <line num="145" count="1" type="stmt"/>
        <line num="147" count="1" type="stmt"/>
      </file>
      <file name="importer.js" path="/home/bikeboi/Work/uni/swe/property-tycoon/build/game_data/importer.js">
        <metrics statements="92" coveredstatements="91" conditionals="51" coveredconditionals="47" methods="4" coveredmethods="4"/>
        <line num="9" count="1" type="cond" truecount="3" falsecount="0"/>
        <line num="10" count="1" type="cond" truecount="3" falsecount="1"/>
        <line num="11" count="1" type="stmt"/>
        <line num="12" count="95" type="cond" truecount="2" falsecount="2"/>
        <line num="13" count="1" type="stmt"/>
        <line num="14" count="1" type="stmt"/>
        <line num="16" count="1" type="stmt"/>
        <line num="17" count="1" type="stmt"/>
        <line num="18" count="1" type="stmt"/>
        <line num="20" count="1" type="stmt"/>
        <line num="21" count="1" type="stmt"/>
        <line num="23" count="1" type="stmt"/>
        <line num="24" count="1" type="stmt"/>
        <line num="25" count="1" type="stmt"/>
        <line num="26" count="1" type="stmt"/>
        <line num="27" count="1" type="stmt"/>
        <line num="28" count="1" type="stmt"/>
        <line num="31" count="1" type="stmt"/>
        <line num="37" count="6" type="stmt"/>
        <line num="38" count="6" type="stmt"/>
        <line num="40" count="6" type="stmt"/>
        <line num="41" count="240" type="stmt"/>
        <line num="43" count="240" type="cond" truecount="2" falsecount="0"/>
        <line num="44" count="6" type="stmt"/>
        <line num="46" count="234" type="cond" truecount="2" falsecount="0"/>
        <line num="47" count="6" type="stmt"/>
        <line num="49" count="228" type="cond" truecount="2" falsecount="0"/>
        <line num="50" count="6" type="stmt"/>
        <line num="52" count="222" type="cond" truecount="2" falsecount="0"/>
        <line num="53" count="6" type="stmt"/>
        <line num="56" count="216" type="cond" truecount="2" falsecount="0"/>
        <line num="57" count="12" type="stmt"/>
        <line num="60" count="204" type="cond" truecount="2" falsecount="0"/>
        <line num="61" count="24" type="stmt"/>
        <line num="64" count="180" type="cond" truecount="2" falsecount="0"/>
        <line num="65" count="12" type="stmt"/>
        <line num="68" count="168" type="cond" truecount="2" falsecount="0"/>
        <line num="69" count="18" type="stmt"/>
        <line num="72" count="150" type="cond" truecount="2" falsecount="0"/>
        <line num="73" count="18" type="stmt"/>
        <line num="76" count="132" type="cond" truecount="1" falsecount="1"/>
        <line num="78" count="132" type="stmt"/>
        <line num="79" count="132" type="cond" truecount="8" falsecount="0"/>
        <line num="81" count="18" type="stmt"/>
        <line num="82" count="18" type="stmt"/>
        <line num="84" count="12" type="stmt"/>
        <line num="85" count="12" type="stmt"/>
        <line num="87" count="12" type="stmt"/>
        <line num="88" count="12" type="stmt"/>
        <line num="90" count="18" type="stmt"/>
        <line num="91" count="18" type="stmt"/>
        <line num="93" count="18" type="stmt"/>
        <line num="94" count="18" type="stmt"/>
        <line num="96" count="18" type="stmt"/>
        <line num="97" count="18" type="stmt"/>
        <line num="99" count="18" type="stmt"/>
        <line num="100" count="18" type="stmt"/>
        <line num="102" count="18" type="stmt"/>
        <line num="103" count="18" type="stmt"/>
        <line num="106" count="132" type="stmt"/>
        <line num="108" count="132" type="stmt"/>
        <line num="114" count="0" type="stmt"/>
        <line num="116" count="6" type="stmt"/>
        <line num="118" count="1" type="stmt"/>
        <line num="124" count="6" type="stmt"/>
        <line num="125" count="6" type="stmt"/>
        <line num="127" count="6" type="stmt"/>
        <line num="128" count="6" type="stmt"/>
        <line num="129" count="6" type="stmt"/>
        <line num="130" count="6" type="stmt"/>
        <line num="131" count="6" type="stmt"/>
        <line num="132" count="6" type="stmt"/>
        <line num="133" count="6" type="stmt"/>
        <line num="135" count="6" type="stmt"/>
        <line num="146" count="6" type="stmt"/>
        <line num="148" count="6" type="stmt"/>
        <line num="149" count="240" type="stmt"/>
        <line num="150" count="240" type="stmt"/>
        <line num="152" count="240" type="stmt"/>
        <line num="154" count="3600" type="cond" truecount="4" falsecount="0"/>
        <line num="155" count="1542" type="stmt"/>
        <line num="158" count="2058" type="cond" truecount="2" falsecount="0"/>
        <line num="159" count="240" type="cond" truecount="2" falsecount="0"/>
        <line num="160" count="168" type="stmt"/>
        <line num="162" count="72" type="stmt"/>
        <line num="163" count="72" type="stmt"/>
        <line num="167" count="1818" type="cond" truecount="2" falsecount="0"/>
        <line num="168" count="1344" type="stmt"/>
        <line num="172" count="474" type="stmt"/>
        <line num="175" count="240" type="stmt"/>
        <line num="177" count="6" type="stmt"/>
        <line num="180" count="1" type="stmt"/>
      </file>
      <file name="player.js" path="/home/bikeboi/Work/uni/swe/property-tycoon/build/game_data/player.js">
        <metrics statements="19" coveredstatements="19" conditionals="12" coveredconditionals="11" methods="5" coveredmethods="5"/>
        <line num="9" count="3" type="cond" truecount="3" falsecount="0"/>
        <line num="10" count="3" type="cond" truecount="3" falsecount="1"/>
        <line num="12" count="3" type="stmt"/>
        <line num="13" count="3" type="stmt"/>
        <line num="19" count="3" type="stmt"/>
        <line num="20" count="3" type="stmt"/>
        <line num="21" count="3" type="stmt"/>
        <line num="22" count="3" type="stmt"/>
        <line num="23" count="3" type="stmt"/>
        <line num="24" count="3" type="stmt"/>
        <line num="25" count="3" type="stmt"/>
        <line num="27" count="3" type="stmt"/>
        <line num="30" count="3" type="stmt"/>
        <line num="32" count="27" type="stmt"/>
        <line num="41" count="3" type="stmt"/>
        <line num="48" count="1" type="stmt"/>
        <line num="49" count="1" type="stmt"/>
        <line num="51" count="3" type="stmt"/>
        <line num="53" count="3" type="stmt"/>
      </file>
      <file name="response.js" path="/home/bikeboi/Work/uni/swe/property-tycoon/build/game_data/response.js">
        <metrics statements="59" coveredstatements="41" conditionals="4" coveredconditionals="4" methods="20" coveredmethods="2"/>
        <line num="22" count="1" type="stmt"/>
        <line num="24" count="1" type="stmt"/>
        <line num="26" count="1" type="stmt"/>
        <line num="27" count="1" type="stmt"/>
        <line num="28" count="1" type="stmt"/>
        <line num="29" count="1" type="stmt"/>
        <line num="31" count="1" type="stmt"/>
        <line num="32" count="1" type="stmt"/>
        <line num="33" count="1" type="stmt"/>
        <line num="34" count="1" type="stmt"/>
        <line num="35" count="1" type="stmt"/>
        <line num="36" count="1" type="stmt"/>
        <line num="37" count="1" type="stmt"/>
        <line num="38" count="1" type="stmt"/>
        <line num="39" count="1" type="stmt"/>
        <line num="41" count="1" type="stmt"/>
        <line num="42" count="1" type="stmt"/>
        <line num="43" count="1" type="stmt"/>
        <line num="45" count="1" type="stmt"/>
        <line num="47" count="1" type="stmt"/>
        <line num="49" count="1" type="stmt"/>
        <line num="55" count="1" type="stmt"/>
        <line num="57" count="0" type="stmt"/>
        <line num="59" count="1" type="stmt"/>
        <line num="61" count="0" type="stmt"/>
        <line num="63" count="1" type="stmt"/>
        <line num="65" count="0" type="stmt"/>
        <line num="67" count="1" type="stmt"/>
        <line num="69" count="0" type="stmt"/>
        <line num="71" count="1" type="stmt"/>
        <line num="73" count="0" type="stmt"/>
        <line num="78" count="1" type="stmt"/>
        <line num="80" count="0" type="stmt"/>
        <line num="89" count="1" type="stmt"/>
        <line num="91" count="0" type="stmt"/>
        <line num="96" count="1" type="stmt"/>
        <line num="98" count="0" type="stmt"/>
        <line num="100" count="1" type="stmt"/>
        <line num="102" count="0" type="stmt"/>
        <line num="107" count="1" type="stmt"/>
        <line num="109" count="0" type="stmt"/>
        <line num="111" count="1" type="stmt"/>
        <line num="113" count="0" type="stmt"/>
        <line num="115" count="1" type="stmt"/>
        <line num="117" count="0" type="stmt"/>
        <line num="119" count="1" type="stmt"/>
        <line num="121" count="0" type="stmt"/>
        <line num="126" count="1" type="stmt"/>
        <line num="128" count="0" type="stmt"/>
        <line num="130" count="1" type="stmt"/>
        <line num="132" count="0" type="stmt"/>
        <line num="134" count="1" type="stmt"/>
        <line num="136" count="0" type="stmt"/>
        <line num="141" count="1" type="stmt"/>
        <line num="143" count="0" type="stmt"/>
        <line num="145" count="1" type="stmt"/>
        <line num="147" count="0" type="stmt"/>
        <line num="149" count="1" type="stmt"/>
        <line num="151" count="1" type="stmt"/>
      </file>
      <file name="state.js" path="/home/bikeboi/Work/uni/swe/property-tycoon/build/game_data/state.js">
        <metrics statements="22" coveredstatements="22" conditionals="11" coveredconditionals="10" methods="6" coveredmethods="6"/>
        <line num="9" count="2" type="cond" truecount="3" falsecount="0"/>
        <line num="10" count="2" type="cond" truecount="3" falsecount="1"/>
        <line num="12" count="2" type="stmt"/>
        <line num="13" count="2" type="stmt"/>
        <line num="27" count="2" type="stmt"/>
        <line num="28" count="2" type="stmt"/>
        <line num="29" count="2" type="stmt"/>
        <line num="30" count="2" type="stmt"/>
        <line num="31" count="2" type="stmt"/>
        <line num="33" count="2" type="stmt"/>
        <line num="38" count="2" type="stmt"/>
        <line num="41" count="9" type="stmt"/>
        <line num="49" count="2" type="stmt"/>
        <line num="52" count="3" type="stmt"/>
        <line num="53" count="3" type="stmt"/>
        <line num="54" count="3" type="stmt"/>
        <line num="55" count="3" type="stmt"/>
        <line num="56" count="3" type="stmt"/>
        <line num="58" count="2" type="stmt"/>
        <line num="60" count="1" type="stmt"/>
        <line num="62" count="2" type="stmt"/>
        <line num="64" count="2" type="stmt"/>
      </file>
      <file name="tile.js" path="/home/bikeboi/Work/uni/swe/property-tycoon/build/game_data/tile.js">
        <metrics statements="58" coveredstatements="49" conditionals="10" coveredconditionals="10" methods="20" coveredmethods="11"/>
        <line num="9" count="1" type="stmt"/>
        <line num="11" count="1" type="stmt"/>
        <line num="12" count="1" type="stmt"/>
        <line num="13" count="1" type="stmt"/>
        <line num="14" count="1" type="stmt"/>
        <line num="15" count="1" type="stmt"/>
        <line num="16" count="1" type="stmt"/>
        <line num="17" count="1" type="stmt"/>
        <line num="19" count="1" type="stmt"/>
        <line num="25" count="1" type="stmt"/>
        <line num="26" count="1" type="stmt"/>
        <line num="27" count="1" type="stmt"/>
        <line num="29" count="1" type="stmt"/>
        <line num="35" count="1" type="stmt"/>
        <line num="36" count="1" type="stmt"/>
        <line num="37" count="1" type="stmt"/>
        <line num="38" count="1" type="stmt"/>
        <line num="39" count="1" type="stmt"/>
        <line num="41" count="1" type="stmt"/>
        <line num="52" count="1" type="stmt"/>
        <line num="53" count="1" type="stmt"/>
        <line num="54" count="1" type="stmt"/>
        <line num="55" count="1" type="stmt"/>
        <line num="56" count="1" type="stmt"/>
        <line num="57" count="1" type="stmt"/>
        <line num="58" count="1" type="stmt"/>
        <line num="59" count="1" type="stmt"/>
        <line num="60" count="1" type="stmt"/>
        <line num="62" count="1" type="stmt"/>
        <line num="65" count="1" type="stmt"/>
        <line num="67" count="36" type="stmt"/>
        <line num="73" count="1" type="stmt"/>
        <line num="75" count="24" type="stmt"/>
        <line num="81" count="1" type="stmt"/>
        <line num="83" count="12" type="stmt"/>
        <line num="89" count="1" type="stmt"/>
        <line num="94" count="132" type="stmt"/>
        <line num="100" count="0" type="stmt"/>
        <line num="105" count="1" type="stmt"/>
        <line num="107" count="12" type="stmt"/>
        <line num="112" count="0" type="stmt"/>
        <line num="115" count="1" type="stmt"/>
        <line num="117" count="24" type="stmt"/>
        <line num="122" count="0" type="stmt"/>
        <line num="125" count="1" type="stmt"/>
        <line num="128" count="0" type="stmt"/>
        <line num="130" count="1" type="stmt"/>
        <line num="132" count="0" type="stmt"/>
        <line num="134" count="1" type="stmt"/>
        <line num="136" count="0" type="stmt"/>
        <line num="138" count="1" type="stmt"/>
        <line num="140" count="0" type="stmt"/>
        <line num="142" count="1" type="stmt"/>
        <line num="144" count="0" type="stmt"/>
        <line num="146" count="1" type="stmt"/>
        <line num="148" count="0" type="stmt"/>
        <line num="150" count="1" type="stmt"/>
        <line num="152" count="1" type="stmt"/>
      </file>
    </package>
  </project>
</coverage>
