{"/home/bikeboi/Work/uni/swe/property-tycoon/build/util.js": {"path":"/home/bikeboi/Work/uni/swe/property-tycoon/build/util.js","statementMap":{"0":{"start":{"line":9,"column":0},"end":{"line":9,"column":62}},"1":{"start":{"line":11,"column":0},"end":{"line":25,"column":24}},"2":{"start":{"line":18,"column":21},"end":{"line":18,"column":36}},"3":{"start":{"line":19,"column":8},"end":{"line":21,"column":11}},"4":{"start":{"line":20,"column":12},"end":{"line":20,"column":39}},"5":{"start":{"line":22,"column":8},"end":{"line":22,"column":22}},"6":{"start":{"line":24,"column":4},"end":{"line":24,"column":25}},"7":{"start":{"line":26,"column":0},"end":{"line":26,"column":23}}},"fnMap":{"0":{"name":"(anonymous_0)","decl":{"start":{"line":11,"column":1},"end":{"line":11,"column":2}},"loc":{"start":{"line":11,"column":17},"end":{"line":25,"column":1}},"line":11},"1":{"name":"update","decl":{"start":{"line":17,"column":13},"end":{"line":17,"column":19}},"loc":{"start":{"line":17,"column":39},"end":{"line":23,"column":5}},"line":17},"2":{"name":"(anonymous_2)","decl":{"start":{"line":19,"column":37},"end":{"line":19,"column":38}},"loc":{"start":{"line":19,"column":44},"end":{"line":21,"column":9}},"line":19}},"branchMap":{"0":{"loc":{"start":{"line":25,"column":3},"end":{"line":25,"column":22}},"type":"binary-expr","locations":[{"start":{"line":25,"column":3},"end":{"line":25,"column":7}},{"start":{"line":25,"column":12},"end":{"line":25,"column":21}}],"line":25}},"s":{"0":3,"1":3,"2":12,"3":12,"4":30,"5":12,"6":3,"7":3},"f":{"0":3,"1":12,"2":30},"b":{"0":[3,3]},"_coverageSchema":"1a1c01bbd47fc00a2c39e90264f33305004495a9","hash":"8e54029324b14cd5b39e92c4c3f8b8fcae37556c"}
,"/home/bikeboi/Work/uni/swe/property-tycoon/build/core/core.js": {"path":"/home/bikeboi/Work/uni/swe/property-tycoon/build/core/core.js","statementMap":{"0":{"start":{"line":10,"column":19},"end":{"line":16,"column":1}},"1":{"start":{"line":11,"column":4},"end":{"line":11,"column":42}},"2":{"start":{"line":11,"column":31},"end":{"line":11,"column":42}},"3":{"start":{"line":12,"column":17},"end":{"line":12,"column":19}},"4":{"start":{"line":13,"column":4},"end":{"line":13,"column":99}},"5":{"start":{"line":13,"column":21},"end":{"line":13,"column":99}},"6":{"start":{"line":13,"column":40},"end":{"line":13,"column":99}},"7":{"start":{"line":13,"column":80},"end":{"line":13,"column":99}},"8":{"start":{"line":14,"column":4},"end":{"line":14,"column":28}},"9":{"start":{"line":15,"column":4},"end":{"line":15,"column":18}},"10":{"start":{"line":17,"column":22},"end":{"line":19,"column":1}},"11":{"start":{"line":18,"column":4},"end":{"line":18,"column":62}},"12":{"start":{"line":20,"column":0},"end":{"line":20,"column":62}},"13":{"start":{"line":21,"column":17},"end":{"line":21,"column":47}},"14":{"start":{"line":22,"column":16},"end":{"line":22,"column":45}},"15":{"start":{"line":23,"column":19},"end":{"line":23,"column":51}},"16":{"start":{"line":24,"column":12},"end":{"line":24,"column":57}},"17":{"start":{"line":25,"column":19},"end":{"line":25,"column":51}},"18":{"start":{"line":26,"column":15},"end":{"line":26,"column":50}},"19":{"start":{"line":32,"column":8},"end":{"line":32,"column":21}},"20":{"start":{"line":40,"column":22},"end":{"line":40,"column":24}},"21":{"start":{"line":41,"column":27},"end":{"line":41,"column":29}},"22":{"start":{"line":42,"column":8},"end":{"line":46,"column":9}},"23":{"start":{"line":45,"column":12},"end":{"line":45,"column":39}},"24":{"start":{"line":47,"column":31},"end":{"line":47,"column":34}},"25":{"start":{"line":48,"column":8},"end":{"line":67,"column":9}},"26":{"start":{"line":50,"column":16},"end":{"line":50,"column":72}},"27":{"start":{"line":51,"column":16},"end":{"line":51,"column":22}},"28":{"start":{"line":53,"column":16},"end":{"line":53,"column":49}},"29":{"start":{"line":54,"column":16},"end":{"line":54,"column":22}},"30":{"start":{"line":56,"column":16},"end":{"line":56,"column":51}},"31":{"start":{"line":57,"column":16},"end":{"line":57,"column":22}},"32":{"start":{"line":59,"column":16},"end":{"line":59,"column":54}},"33":{"start":{"line":60,"column":16},"end":{"line":60,"column":22}},"34":{"start":{"line":62,"column":16},"end":{"line":62,"column":47}},"35":{"start":{"line":63,"column":16},"end":{"line":63,"column":22}},"36":{"start":{"line":68,"column":8},"end":{"line":68,"column":67}},"37":{"start":{"line":71,"column":0},"end":{"line":71,"column":20}},"38":{"start":{"line":74,"column":0},"end":{"line":173,"column":26}},"39":{"start":{"line":79,"column":21},"end":{"line":79,"column":39}},"40":{"start":{"line":81,"column":19},"end":{"line":81,"column":21}},"41":{"start":{"line":82,"column":8},"end":{"line":85,"column":11}},"42":{"start":{"line":83,"column":24},"end":{"line":83,"column":42}},"43":{"start":{"line":84,"column":12},"end":{"line":84,"column":77}},"44":{"start":{"line":87,"column":24},"end":{"line":87,"column":123}},"45":{"start":{"line":87,"column":51},"end":{"line":87,"column":122}},"46":{"start":{"line":88,"column":24},"end":{"line":93,"column":9}},"47":{"start":{"line":94,"column":8},"end":{"line":94,"column":53}},"48":{"start":{"line":96,"column":4},"end":{"line":96,"column":32}},"49":{"start":{"line":102,"column":24},"end":{"line":102,"column":67}},"50":{"start":{"line":103,"column":8},"end":{"line":103,"column":53}},"51":{"start":{"line":105,"column":4},"end":{"line":105,"column":32}},"52":{"start":{"line":111,"column":24},"end":{"line":111,"column":68}},"53":{"start":{"line":112,"column":8},"end":{"line":112,"column":53}},"54":{"start":{"line":114,"column":4},"end":{"line":114,"column":36}},"55":{"start":{"line":120,"column":24},"end":{"line":120,"column":65}},"56":{"start":{"line":121,"column":8},"end":{"line":121,"column":53}},"57":{"start":{"line":123,"column":4},"end":{"line":123,"column":28}},"58":{"start":{"line":130,"column":26},"end":{"line":130,"column":30}},"59":{"start":{"line":131,"column":35},"end":{"line":131,"column":40}},"60":{"start":{"line":132,"column":25},"end":{"line":132,"column":37}},"61":{"start":{"line":133,"column":25},"end":{"line":139,"column":10}},"62":{"start":{"line":134,"column":25},"end":{"line":134,"column":48}},"63":{"start":{"line":136,"column":12},"end":{"line":136,"column":66}},"64":{"start":{"line":137,"column":12},"end":{"line":137,"column":37}},"65":{"start":{"line":138,"column":12},"end":{"line":138,"column":26}},"66":{"start":{"line":140,"column":8},"end":{"line":140,"column":24}},"67":{"start":{"line":142,"column":4},"end":{"line":142,"column":22}},"68":{"start":{"line":147,"column":4},"end":{"line":172,"column":24}},"69":{"start":{"line":155,"column":26},"end":{"line":155,"column":57}},"70":{"start":{"line":156,"column":26},"end":{"line":156,"column":28}},"71":{"start":{"line":157,"column":12},"end":{"line":157,"column":123}},"72":{"start":{"line":157,"column":62},"end":{"line":157,"column":121}},"73":{"start":{"line":159,"column":12},"end":{"line":159,"column":52}},"74":{"start":{"line":161,"column":28},"end":{"line":168,"column":13}},"75":{"start":{"line":169,"column":12},"end":{"line":169,"column":57}},"76":{"start":{"line":171,"column":8},"end":{"line":171,"column":33}},"77":{"start":{"line":174,"column":0},"end":{"line":174,"column":22}}},"fnMap":{"0":{"name":"(anonymous_0)","decl":{"start":{"line":10,"column":50},"end":{"line":10,"column":51}},"loc":{"start":{"line":10,"column":65},"end":{"line":16,"column":1}},"line":10},"1":{"name":"(anonymous_1)","decl":{"start":{"line":17,"column":56},"end":{"line":17,"column":57}},"loc":{"start":{"line":17,"column":71},"end":{"line":19,"column":1}},"line":17},"2":{"name":"(anonymous_2)","decl":{"start":{"line":31,"column":4},"end":{"line":31,"column":5}},"loc":{"start":{"line":31,"column":20},"end":{"line":33,"column":5}},"line":31},"3":{"name":"(anonymous_3)","decl":{"start":{"line":39,"column":4},"end":{"line":39,"column":5}},"loc":{"start":{"line":39,"column":23},"end":{"line":69,"column":5}},"line":39},"4":{"name":"(anonymous_4)","decl":{"start":{"line":74,"column":1},"end":{"line":74,"column":2}},"loc":{"start":{"line":74,"column":18},"end":{"line":173,"column":1}},"line":74},"5":{"name":"startGame","decl":{"start":{"line":78,"column":13},"end":{"line":78,"column":22}},"loc":{"start":{"line":78,"column":45},"end":{"line":95,"column":5}},"line":78},"6":{"name":"(anonymous_6)","decl":{"start":{"line":82,"column":31},"end":{"line":82,"column":32}},"loc":{"start":{"line":82,"column":36},"end":{"line":85,"column":9}},"line":82},"7":{"name":"(anonymous_7)","decl":{"start":{"line":87,"column":35},"end":{"line":87,"column":36}},"loc":{"start":{"line":87,"column":51},"end":{"line":87,"column":122}},"line":87},"8":{"name":"pauseGame","decl":{"start":{"line":101,"column":13},"end":{"line":101,"column":22}},"loc":{"start":{"line":101,"column":30},"end":{"line":104,"column":5}},"line":101},"9":{"name":"unpauseGame","decl":{"start":{"line":110,"column":13},"end":{"line":110,"column":24}},"loc":{"start":{"line":110,"column":32},"end":{"line":113,"column":5}},"line":110},"10":{"name":"endGame","decl":{"start":{"line":119,"column":13},"end":{"line":119,"column":20}},"loc":{"start":{"line":119,"column":28},"end":{"line":122,"column":5}},"line":119},"11":{"name":"move","decl":{"start":{"line":129,"column":13},"end":{"line":129,"column":17}},"loc":{"start":{"line":129,"column":31},"end":{"line":141,"column":5}},"line":129},"12":{"name":"(anonymous_12)","decl":{"start":{"line":133,"column":63},"end":{"line":133,"column":64}},"loc":{"start":{"line":133,"column":73},"end":{"line":139,"column":9}},"line":133},"13":{"name":"(anonymous_13)","decl":{"start":{"line":147,"column":5},"end":{"line":147,"column":6}},"loc":{"start":{"line":147,"column":19},"end":{"line":172,"column":5}},"line":147},"14":{"name":"startGame","decl":{"start":{"line":154,"column":17},"end":{"line":154,"column":26}},"loc":{"start":{"line":154,"column":46},"end":{"line":170,"column":9}},"line":154},"15":{"name":"(anonymous_15)","decl":{"start":{"line":157,"column":38},"end":{"line":157,"column":39}},"loc":{"start":{"line":157,"column":62},"end":{"line":157,"column":121}},"line":157}},"branchMap":{"0":{"loc":{"start":{"line":10,"column":19},"end":{"line":16,"column":1}},"type":"binary-expr","locations":[{"start":{"line":10,"column":20},"end":{"line":10,"column":24}},{"start":{"line":10,"column":28},"end":{"line":10,"column":45}},{"start":{"line":10,"column":50},"end":{"line":16,"column":1}}],"line":10},"1":{"loc":{"start":{"line":11,"column":4},"end":{"line":11,"column":42}},"type":"if","locations":[{"start":{"line":11,"column":4},"end":{"line":11,"column":42}},{"start":{"line":11,"column":4},"end":{"line":11,"column":42}}],"line":11},"2":{"loc":{"start":{"line":11,"column":8},"end":{"line":11,"column":29}},"type":"binary-expr","locations":[{"start":{"line":11,"column":8},"end":{"line":11,"column":11}},{"start":{"line":11,"column":15},"end":{"line":11,"column":29}}],"line":11},"3":{"loc":{"start":{"line":13,"column":4},"end":{"line":13,"column":99}},"type":"if","locations":[{"start":{"line":13,"column":4},"end":{"line":13,"column":99}},{"start":{"line":13,"column":4},"end":{"line":13,"column":99}}],"line":13},"4":{"loc":{"start":{"line":13,"column":40},"end":{"line":13,"column":99}},"type":"if","locations":[{"start":{"line":13,"column":40},"end":{"line":13,"column":99}},{"start":{"line":13,"column":40},"end":{"line":13,"column":99}}],"line":13},"5":{"loc":{"start":{"line":17,"column":22},"end":{"line":19,"column":1}},"type":"binary-expr","locations":[{"start":{"line":17,"column":23},"end":{"line":17,"column":27}},{"start":{"line":17,"column":31},"end":{"line":17,"column":51}},{"start":{"line":17,"column":56},"end":{"line":19,"column":1}}],"line":17},"6":{"loc":{"start":{"line":18,"column":11},"end":{"line":18,"column":61}},"type":"cond-expr","locations":[{"start":{"line":18,"column":37},"end":{"line":18,"column":40}},{"start":{"line":18,"column":43},"end":{"line":18,"column":61}}],"line":18},"7":{"loc":{"start":{"line":18,"column":12},"end":{"line":18,"column":33}},"type":"binary-expr","locations":[{"start":{"line":18,"column":12},"end":{"line":18,"column":15}},{"start":{"line":18,"column":19},"end":{"line":18,"column":33}}],"line":18},"8":{"loc":{"start":{"line":42,"column":8},"end":{"line":46,"column":9}},"type":"if","locations":[{"start":{"line":42,"column":8},"end":{"line":46,"column":9}},{"start":{"line":42,"column":8},"end":{"line":46,"column":9}}],"line":42},"9":{"loc":{"start":{"line":48,"column":8},"end":{"line":67,"column":9}},"type":"switch","locations":[{"start":{"line":49,"column":12},"end":{"line":51,"column":22}},{"start":{"line":52,"column":12},"end":{"line":54,"column":22}},{"start":{"line":55,"column":12},"end":{"line":57,"column":22}},{"start":{"line":58,"column":12},"end":{"line":60,"column":22}},{"start":{"line":61,"column":12},"end":{"line":63,"column":22}}],"line":48},"10":{"loc":{"start":{"line":84,"column":19},"end":{"line":84,"column":76}},"type":"cond-expr","locations":[{"start":{"line":84,"column":48},"end":{"line":84,"column":53}},{"start":{"line":84,"column":57},"end":{"line":84,"column":75}}],"line":84},"11":{"loc":{"start":{"line":136,"column":21},"end":{"line":136,"column":65}},"type":"cond-expr","locations":[{"start":{"line":136,"column":34},"end":{"line":136,"column":51}},{"start":{"line":136,"column":54},"end":{"line":136,"column":65}}],"line":136},"12":{"loc":{"start":{"line":172,"column":7},"end":{"line":172,"column":22}},"type":"binary-expr","locations":[{"start":{"line":172,"column":7},"end":{"line":172,"column":9}},{"start":{"line":172,"column":14},"end":{"line":172,"column":21}}],"line":172},"13":{"loc":{"start":{"line":173,"column":3},"end":{"line":173,"column":24}},"type":"binary-expr","locations":[{"start":{"line":173,"column":3},"end":{"line":173,"column":8}},{"start":{"line":173,"column":13},"end":{"line":173,"column":23}}],"line":173}},"s":{"0":1,"1":1,"2":1,"3":0,"4":0,"5":0,"6":0,"7":0,"8":0,"9":0,"10":1,"11":1,"12":1,"13":1,"14":1,"15":1,"16":1,"17":1,"18":1,"19":0,"20":0,"21":0,"22":0,"23":0,"24":0,"25":0,"26":0,"27":0,"28":0,"29":0,"30":0,"31":0,"32":0,"33":0,"34":0,"35":0,"36":0,"37":1,"38":1,"39":6,"40":6,"41":6,"42":24,"43":24,"44":6,"45":20,"46":6,"47":6,"48":1,"49":1,"50":1,"51":1,"52":0,"53":0,"54":1,"55":1,"56":1,"57":1,"58":1,"59":1,"60":1,"61":1,"62":1,"63":1,"64":1,"65":1,"66":1,"67":1,"68":1,"69":0,"70":0,"71":0,"72":0,"73":0,"74":0,"75":0,"76":1,"77":1},"f":{"0":1,"1":1,"2":0,"3":0,"4":1,"5":6,"6":24,"7":20,"8":1,"9":0,"10":1,"11":1,"12":1,"13":1,"14":0,"15":0},"b":{"0":[1,1,1],"1":[1,0],"2":[1,1],"3":[0,0],"4":[0,0],"5":[1,1,1],"6":[1,0],"7":[1,1],"8":[0,0],"9":[0,0,0,0,0],"10":[4,20],"11":[0,1],"12":[1,1],"13":[1,1]},"_coverageSchema":"1a1c01bbd47fc00a2c39e90264f33305004495a9","hash":"281112054e99861e5c3c1aa2facfbaa5da49ba43"}
,"/home/bikeboi/Work/uni/swe/property-tycoon/build/game_data/command.js": {"path":"/home/bikeboi/Work/uni/swe/property-tycoon/build/game_data/command.js","statementMap":{"0":{"start":{"line":13,"column":0},"end":{"line":13,"column":62}},"1":{"start":{"line":23,"column":0},"end":{"line":34,"column":38}},"2":{"start":{"line":24,"column":4},"end":{"line":24,"column":62}},"3":{"start":{"line":25,"column":4},"end":{"line":25,"column":62}},"4":{"start":{"line":26,"column":4},"end":{"line":26,"column":66}},"5":{"start":{"line":27,"column":4},"end":{"line":27,"column":58}},"6":{"start":{"line":28,"column":4},"end":{"line":28,"column":64}},"7":{"start":{"line":29,"column":4},"end":{"line":29,"column":48}},"8":{"start":{"line":30,"column":4},"end":{"line":30,"column":50}},"9":{"start":{"line":31,"column":4},"end":{"line":31,"column":50}},"10":{"start":{"line":32,"column":4},"end":{"line":32,"column":56}},"11":{"start":{"line":33,"column":4},"end":{"line":33,"column":60}},"12":{"start":{"line":35,"column":0},"end":{"line":35,"column":34}},"13":{"start":{"line":40,"column":0},"end":{"line":146,"column":32}},"14":{"start":{"line":46,"column":8},"end":{"line":49,"column":10}},"15":{"start":{"line":51,"column":4},"end":{"line":51,"column":35}},"16":{"start":{"line":57,"column":8},"end":{"line":57,"column":46}},"17":{"start":{"line":59,"column":4},"end":{"line":59,"column":31}},"18":{"start":{"line":64,"column":8},"end":{"line":64,"column":48}},"19":{"start":{"line":66,"column":4},"end":{"line":66,"column":35}},"20":{"start":{"line":71,"column":8},"end":{"line":71,"column":50}},"21":{"start":{"line":73,"column":4},"end":{"line":73,"column":39}},"22":{"start":{"line":79,"column":8},"end":{"line":82,"column":10}},"23":{"start":{"line":84,"column":4},"end":{"line":84,"column":37}},"24":{"start":{"line":90,"column":8},"end":{"line":93,"column":10}},"25":{"start":{"line":95,"column":4},"end":{"line":95,"column":23}},"26":{"start":{"line":101,"column":8},"end":{"line":104,"column":10}},"27":{"start":{"line":106,"column":4},"end":{"line":106,"column":25}},"28":{"start":{"line":111,"column":8},"end":{"line":111,"column":42}},"29":{"start":{"line":113,"column":4},"end":{"line":113,"column":25}},"30":{"start":{"line":121,"column":8},"end":{"line":124,"column":10}},"31":{"start":{"line":126,"column":4},"end":{"line":126,"column":31}},"32":{"start":{"line":131,"column":8},"end":{"line":131,"column":47}},"33":{"start":{"line":133,"column":4},"end":{"line":133,"column":33}},"34":{"start":{"line":140,"column":31},"end":{"line":140,"column":34}},"35":{"start":{"line":141,"column":24},"end":{"line":141,"column":41}},"36":{"start":{"line":143,"column":8},"end":{"line":143,"column":28}},"37":{"start":{"line":145,"column":4},"end":{"line":145,"column":43}},"38":{"start":{"line":147,"column":0},"end":{"line":147,"column":28}}},"fnMap":{"0":{"name":"(anonymous_0)","decl":{"start":{"line":23,"column":1},"end":{"line":23,"column":2}},"loc":{"start":{"line":23,"column":24},"end":{"line":34,"column":1}},"line":23},"1":{"name":"(anonymous_1)","decl":{"start":{"line":40,"column":1},"end":{"line":40,"column":2}},"loc":{"start":{"line":40,"column":21},"end":{"line":146,"column":1}},"line":40},"2":{"name":"startGame","decl":{"start":{"line":45,"column":13},"end":{"line":45,"column":22}},"loc":{"start":{"line":45,"column":37},"end":{"line":50,"column":5}},"line":45},"3":{"name":"endGame","decl":{"start":{"line":56,"column":13},"end":{"line":56,"column":20}},"loc":{"start":{"line":56,"column":23},"end":{"line":58,"column":5}},"line":56},"4":{"name":"pauseGame","decl":{"start":{"line":63,"column":13},"end":{"line":63,"column":22}},"loc":{"start":{"line":63,"column":25},"end":{"line":65,"column":5}},"line":63},"5":{"name":"unpauseGame","decl":{"start":{"line":70,"column":13},"end":{"line":70,"column":24}},"loc":{"start":{"line":70,"column":27},"end":{"line":72,"column":5}},"line":70},"6":{"name":"movePlayer","decl":{"start":{"line":78,"column":13},"end":{"line":78,"column":23}},"loc":{"start":{"line":78,"column":31},"end":{"line":83,"column":5}},"line":78},"7":{"name":"buy","decl":{"start":{"line":89,"column":13},"end":{"line":89,"column":16}},"loc":{"start":{"line":89,"column":29},"end":{"line":94,"column":5}},"line":89},"8":{"name":"pass","decl":{"start":{"line":100,"column":13},"end":{"line":100,"column":17}},"loc":{"start":{"line":100,"column":30},"end":{"line":105,"column":5}},"line":100},"9":{"name":"bail","decl":{"start":{"line":110,"column":13},"end":{"line":110,"column":17}},"loc":{"start":{"line":110,"column":20},"end":{"line":112,"column":5}},"line":110},"10":{"name":"improve","decl":{"start":{"line":120,"column":13},"end":{"line":120,"column":20}},"loc":{"start":{"line":120,"column":41},"end":{"line":125,"column":5}},"line":120},"11":{"name":"nextTurn","decl":{"start":{"line":130,"column":13},"end":{"line":130,"column":21}},"loc":{"start":{"line":130,"column":24},"end":{"line":132,"column":5}},"line":130},"12":{"name":"renderCommand","decl":{"start":{"line":139,"column":13},"end":{"line":139,"column":26}},"loc":{"start":{"line":139,"column":32},"end":{"line":144,"column":5}},"line":139}},"branchMap":{"0":{"loc":{"start":{"line":34,"column":3},"end":{"line":34,"column":36}},"type":"binary-expr","locations":[{"start":{"line":34,"column":3},"end":{"line":34,"column":14}},{"start":{"line":34,"column":19},"end":{"line":34,"column":35}}],"line":34},"1":{"loc":{"start":{"line":146,"column":3},"end":{"line":146,"column":30}},"type":"binary-expr","locations":[{"start":{"line":146,"column":3},"end":{"line":146,"column":11}},{"start":{"line":146,"column":16},"end":{"line":146,"column":29}}],"line":146}},"s":{"0":1,"1":1,"2":1,"3":1,"4":1,"5":1,"6":1,"7":1,"8":1,"9":1,"10":1,"11":1,"12":1,"13":1,"14":0,"15":1,"16":0,"17":1,"18":0,"19":1,"20":0,"21":1,"22":0,"23":1,"24":0,"25":1,"26":0,"27":1,"28":0,"29":1,"30":0,"31":1,"32":0,"33":1,"34":0,"35":0,"36":0,"37":1,"38":1},"f":{"0":1,"1":1,"2":0,"3":0,"4":0,"5":0,"6":0,"7":0,"8":0,"9":0,"10":0,"11":0,"12":0},"b":{"0":[1,1],"1":[1,1]},"_coverageSchema":"1a1c01bbd47fc00a2c39e90264f33305004495a9","hash":"80222e71db9a2be387493cefc7b56b304e32f5be"}
,"/home/bikeboi/Work/uni/swe/property-tycoon/build/game_data/importer.js": {"path":"/home/bikeboi/Work/uni/swe/property-tycoon/build/game_data/importer.js","statementMap":{"0":{"start":{"line":9,"column":19},"end":{"line":15,"column":1}},"1":{"start":{"line":10,"column":4},"end":{"line":10,"column":42}},"2":{"start":{"line":10,"column":31},"end":{"line":10,"column":42}},"3":{"start":{"line":11,"column":17},"end":{"line":11,"column":19}},"4":{"start":{"line":12,"column":4},"end":{"line":12,"column":99}},"5":{"start":{"line":12,"column":21},"end":{"line":12,"column":99}},"6":{"start":{"line":12,"column":40},"end":{"line":12,"column":99}},"7":{"start":{"line":12,"column":80},"end":{"line":12,"column":99}},"8":{"start":{"line":13,"column":4},"end":{"line":13,"column":28}},"9":{"start":{"line":14,"column":4},"end":{"line":14,"column":18}},"10":{"start":{"line":16,"column":0},"end":{"line":16,"column":62}},"11":{"start":{"line":17,"column":15},"end":{"line":17,"column":32}},"12":{"start":{"line":18,"column":11},"end":{"line":18,"column":38}},"13":{"start":{"line":20,"column":26},"end":{"line":20,"column":66}},"14":{"start":{"line":21,"column":25},"end":{"line":21,"column":64}},"15":{"start":{"line":23,"column":25},"end":{"line":23,"column":32}},"16":{"start":{"line":24,"column":29},"end":{"line":24,"column":37}},"17":{"start":{"line":25,"column":29},"end":{"line":25,"column":44}},"18":{"start":{"line":26,"column":25},"end":{"line":26,"column":36}},"19":{"start":{"line":27,"column":33},"end":{"line":27,"column":44}},"20":{"start":{"line":28,"column":28},"end":{"line":28,"column":112}},"21":{"start":{"line":31,"column":0},"end":{"line":179,"column":34}},"22":{"start":{"line":37,"column":27},"end":{"line":37,"column":45}},"23":{"start":{"line":38,"column":22},"end":{"line":38,"column":24}},"24":{"start":{"line":40,"column":8},"end":{"line":115,"column":9}},"25":{"start":{"line":41,"column":29},"end":{"line":41,"column":46}},"26":{"start":{"line":43,"column":12},"end":{"line":114,"column":100}},"27":{"start":{"line":44,"column":16},"end":{"line":44,"column":83}},"28":{"start":{"line":46,"column":17},"end":{"line":114,"column":100}},"29":{"start":{"line":47,"column":16},"end":{"line":47,"column":85}},"30":{"start":{"line":49,"column":17},"end":{"line":114,"column":100}},"31":{"start":{"line":50,"column":16},"end":{"line":50,"column":88}},"32":{"start":{"line":52,"column":17},"end":{"line":114,"column":100}},"33":{"start":{"line":53,"column":16},"end":{"line":53,"column":91}},"34":{"start":{"line":56,"column":17},"end":{"line":114,"column":100}},"35":{"start":{"line":57,"column":16},"end":{"line":57,"column":130}},"36":{"start":{"line":60,"column":17},"end":{"line":114,"column":100}},"37":{"start":{"line":61,"column":16},"end":{"line":61,"column":130}},"38":{"start":{"line":64,"column":17},"end":{"line":114,"column":100}},"39":{"start":{"line":65,"column":16},"end":{"line":65,"column":118}},"40":{"start":{"line":68,"column":17},"end":{"line":114,"column":100}},"41":{"start":{"line":69,"column":16},"end":{"line":69,"column":117}},"42":{"start":{"line":72,"column":17},"end":{"line":114,"column":100}},"43":{"start":{"line":73,"column":16},"end":{"line":73,"column":108}},"44":{"start":{"line":76,"column":17},"end":{"line":114,"column":100}},"45":{"start":{"line":78,"column":28},"end":{"line":78,"column":51}},"46":{"start":{"line":79,"column":16},"end":{"line":104,"column":17}},"47":{"start":{"line":81,"column":24},"end":{"line":81,"column":56}},"48":{"start":{"line":82,"column":24},"end":{"line":82,"column":30}},"49":{"start":{"line":84,"column":24},"end":{"line":84,"column":57}},"50":{"start":{"line":85,"column":24},"end":{"line":85,"column":30}},"51":{"start":{"line":87,"column":24},"end":{"line":87,"column":61}},"52":{"start":{"line":88,"column":24},"end":{"line":88,"column":30}},"53":{"start":{"line":90,"column":24},"end":{"line":90,"column":57}},"54":{"start":{"line":91,"column":24},"end":{"line":91,"column":30}},"55":{"start":{"line":93,"column":24},"end":{"line":93,"column":58}},"56":{"start":{"line":94,"column":24},"end":{"line":94,"column":30}},"57":{"start":{"line":96,"column":24},"end":{"line":96,"column":58}},"58":{"start":{"line":97,"column":24},"end":{"line":97,"column":30}},"59":{"start":{"line":99,"column":24},"end":{"line":99,"column":55}},"60":{"start":{"line":100,"column":24},"end":{"line":100,"column":30}},"61":{"start":{"line":102,"column":24},"end":{"line":102,"column":58}},"62":{"start":{"line":103,"column":24},"end":{"line":103,"column":30}},"63":{"start":{"line":106,"column":28},"end":{"line":106,"column":141}},"64":{"start":{"line":108,"column":16},"end":{"line":108,"column":150}},"65":{"start":{"line":114,"column":16},"end":{"line":114,"column":100}},"66":{"start":{"line":116,"column":8},"end":{"line":116,"column":21}},"67":{"start":{"line":118,"column":4},"end":{"line":118,"column":34}},"68":{"start":{"line":124,"column":22},"end":{"line":124,"column":77}},"69":{"start":{"line":125,"column":23},"end":{"line":125,"column":42}},"70":{"start":{"line":127,"column":8},"end":{"line":127,"column":27}},"71":{"start":{"line":128,"column":8},"end":{"line":128,"column":27}},"72":{"start":{"line":129,"column":8},"end":{"line":129,"column":29}},"73":{"start":{"line":130,"column":8},"end":{"line":130,"column":29}},"74":{"start":{"line":131,"column":8},"end":{"line":131,"column":29}},"75":{"start":{"line":132,"column":8},"end":{"line":132,"column":29}},"76":{"start":{"line":133,"column":8},"end":{"line":133,"column":29}},"77":{"start":{"line":135,"column":32},"end":{"line":144,"column":9}},"78":{"start":{"line":146,"column":28},"end":{"line":146,"column":30}},"79":{"start":{"line":148,"column":8},"end":{"line":176,"column":9}},"80":{"start":{"line":148,"column":26},"end":{"line":148,"column":27}},"81":{"start":{"line":149,"column":28},"end":{"line":149,"column":52}},"82":{"start":{"line":150,"column":29},"end":{"line":150,"column":31}},"83":{"start":{"line":152,"column":12},"end":{"line":174,"column":13}},"84":{"start":{"line":152,"column":29},"end":{"line":152,"column":30}},"85":{"start":{"line":154,"column":16},"end":{"line":173,"column":17}},"86":{"start":{"line":155,"column":20},"end":{"line":155,"column":29}},"87":{"start":{"line":158,"column":21},"end":{"line":173,"column":17}},"88":{"start":{"line":159,"column":20},"end":{"line":164,"column":21}},"89":{"start":{"line":160,"column":24},"end":{"line":160,"column":55}},"90":{"start":{"line":162,"column":24},"end":{"line":162,"column":56}},"91":{"start":{"line":163,"column":24},"end":{"line":163,"column":33}},"92":{"start":{"line":167,"column":21},"end":{"line":173,"column":17}},"93":{"start":{"line":168,"column":20},"end":{"line":168,"column":69}},"94":{"start":{"line":172,"column":20},"end":{"line":172,"column":61}},"95":{"start":{"line":175,"column":12},"end":{"line":175,"column":39}},"96":{"start":{"line":177,"column":8},"end":{"line":177,"column":29}},"97":{"start":{"line":180,"column":0},"end":{"line":180,"column":30}}},"fnMap":{"0":{"name":"(anonymous_0)","decl":{"start":{"line":9,"column":50},"end":{"line":9,"column":51}},"loc":{"start":{"line":9,"column":65},"end":{"line":15,"column":1}},"line":9},"1":{"name":"(anonymous_1)","decl":{"start":{"line":31,"column":1},"end":{"line":31,"column":2}},"loc":{"start":{"line":31,"column":22},"end":{"line":179,"column":1}},"line":31},"2":{"name":"getTiles","decl":{"start":{"line":36,"column":13},"end":{"line":36,"column":21}},"loc":{"start":{"line":36,"column":24},"end":{"line":117,"column":5}},"line":36},"3":{"name":"parseCSVTileData","decl":{"start":{"line":123,"column":13},"end":{"line":123,"column":29}},"loc":{"start":{"line":123,"column":32},"end":{"line":178,"column":5}},"line":123}},"branchMap":{"0":{"loc":{"start":{"line":9,"column":19},"end":{"line":15,"column":1}},"type":"binary-expr","locations":[{"start":{"line":9,"column":20},"end":{"line":9,"column":24}},{"start":{"line":9,"column":28},"end":{"line":9,"column":45}},{"start":{"line":9,"column":50},"end":{"line":15,"column":1}}],"line":9},"1":{"loc":{"start":{"line":10,"column":4},"end":{"line":10,"column":42}},"type":"if","locations":[{"start":{"line":10,"column":4},"end":{"line":10,"column":42}},{"start":{"line":10,"column":4},"end":{"line":10,"column":42}}],"line":10},"2":{"loc":{"start":{"line":10,"column":8},"end":{"line":10,"column":29}},"type":"binary-expr","locations":[{"start":{"line":10,"column":8},"end":{"line":10,"column":11}},{"start":{"line":10,"column":15},"end":{"line":10,"column":29}}],"line":10},"3":{"loc":{"start":{"line":12,"column":4},"end":{"line":12,"column":99}},"type":"if","locations":[{"start":{"line":12,"column":4},"end":{"line":12,"column":99}},{"start":{"line":12,"column":4},"end":{"line":12,"column":99}}],"line":12},"4":{"loc":{"start":{"line":12,"column":40},"end":{"line":12,"column":99}},"type":"if","locations":[{"start":{"line":12,"column":40},"end":{"line":12,"column":99}},{"start":{"line":12,"column":40},"end":{"line":12,"column":99}}],"line":12},"5":{"loc":{"start":{"line":43,"column":12},"end":{"line":114,"column":100}},"type":"if","locations":[{"start":{"line":43,"column":12},"end":{"line":114,"column":100}},{"start":{"line":43,"column":12},"end":{"line":114,"column":100}}],"line":43},"6":{"loc":{"start":{"line":46,"column":17},"end":{"line":114,"column":100}},"type":"if","locations":[{"start":{"line":46,"column":17},"end":{"line":114,"column":100}},{"start":{"line":46,"column":17},"end":{"line":114,"column":100}}],"line":46},"7":{"loc":{"start":{"line":49,"column":17},"end":{"line":114,"column":100}},"type":"if","locations":[{"start":{"line":49,"column":17},"end":{"line":114,"column":100}},{"start":{"line":49,"column":17},"end":{"line":114,"column":100}}],"line":49},"8":{"loc":{"start":{"line":52,"column":17},"end":{"line":114,"column":100}},"type":"if","locations":[{"start":{"line":52,"column":17},"end":{"line":114,"column":100}},{"start":{"line":52,"column":17},"end":{"line":114,"column":100}}],"line":52},"9":{"loc":{"start":{"line":56,"column":17},"end":{"line":114,"column":100}},"type":"if","locations":[{"start":{"line":56,"column":17},"end":{"line":114,"column":100}},{"start":{"line":56,"column":17},"end":{"line":114,"column":100}}],"line":56},"10":{"loc":{"start":{"line":60,"column":17},"end":{"line":114,"column":100}},"type":"if","locations":[{"start":{"line":60,"column":17},"end":{"line":114,"column":100}},{"start":{"line":60,"column":17},"end":{"line":114,"column":100}}],"line":60},"11":{"loc":{"start":{"line":64,"column":17},"end":{"line":114,"column":100}},"type":"if","locations":[{"start":{"line":64,"column":17},"end":{"line":114,"column":100}},{"start":{"line":64,"column":17},"end":{"line":114,"column":100}}],"line":64},"12":{"loc":{"start":{"line":68,"column":17},"end":{"line":114,"column":100}},"type":"if","locations":[{"start":{"line":68,"column":17},"end":{"line":114,"column":100}},{"start":{"line":68,"column":17},"end":{"line":114,"column":100}}],"line":68},"13":{"loc":{"start":{"line":72,"column":17},"end":{"line":114,"column":100}},"type":"if","locations":[{"start":{"line":72,"column":17},"end":{"line":114,"column":100}},{"start":{"line":72,"column":17},"end":{"line":114,"column":100}}],"line":72},"14":{"loc":{"start":{"line":76,"column":17},"end":{"line":114,"column":100}},"type":"if","locations":[{"start":{"line":76,"column":17},"end":{"line":114,"column":100}},{"start":{"line":76,"column":17},"end":{"line":114,"column":100}}],"line":76},"15":{"loc":{"start":{"line":79,"column":16},"end":{"line":104,"column":17}},"type":"switch","locations":[{"start":{"line":80,"column":20},"end":{"line":82,"column":30}},{"start":{"line":83,"column":20},"end":{"line":85,"column":30}},{"start":{"line":86,"column":20},"end":{"line":88,"column":30}},{"start":{"line":89,"column":20},"end":{"line":91,"column":30}},{"start":{"line":92,"column":20},"end":{"line":94,"column":30}},{"start":{"line":95,"column":20},"end":{"line":97,"column":30}},{"start":{"line":98,"column":20},"end":{"line":100,"column":30}},{"start":{"line":101,"column":20},"end":{"line":103,"column":30}}],"line":79},"16":{"loc":{"start":{"line":154,"column":16},"end":{"line":173,"column":17}},"type":"if","locations":[{"start":{"line":154,"column":16},"end":{"line":173,"column":17}},{"start":{"line":154,"column":16},"end":{"line":173,"column":17}}],"line":154},"17":{"loc":{"start":{"line":154,"column":20},"end":{"line":154,"column":63}},"type":"binary-expr","locations":[{"start":{"line":154,"column":20},"end":{"line":154,"column":40}},{"start":{"line":154,"column":44},"end":{"line":154,"column":63}}],"line":154},"18":{"loc":{"start":{"line":158,"column":21},"end":{"line":173,"column":17}},"type":"if","locations":[{"start":{"line":158,"column":21},"end":{"line":173,"column":17}},{"start":{"line":158,"column":21},"end":{"line":173,"column":17}}],"line":158},"19":{"loc":{"start":{"line":159,"column":20},"end":{"line":164,"column":21}},"type":"if","locations":[{"start":{"line":159,"column":20},"end":{"line":164,"column":21}},{"start":{"line":159,"column":20},"end":{"line":164,"column":21}}],"line":159},"20":{"loc":{"start":{"line":167,"column":21},"end":{"line":173,"column":17}},"type":"if","locations":[{"start":{"line":167,"column":21},"end":{"line":173,"column":17}},{"start":{"line":167,"column":21},"end":{"line":173,"column":17}}],"line":167},"21":{"loc":{"start":{"line":179,"column":3},"end":{"line":179,"column":32}},"type":"binary-expr","locations":[{"start":{"line":179,"column":3},"end":{"line":179,"column":12}},{"start":{"line":179,"column":17},"end":{"line":179,"column":31}}],"line":179}},"s":{"0":1,"1":1,"2":0,"3":1,"4":1,"5":1,"6":95,"7":95,"8":1,"9":1,"10":1,"11":1,"12":1,"13":1,"14":1,"15":1,"16":1,"17":1,"18":1,"19":1,"20":1,"21":1,"22":6,"23":6,"24":6,"25":240,"26":240,"27":6,"28":234,"29":6,"30":228,"31":6,"32":222,"33":6,"34":216,"35":12,"36":204,"37":24,"38":180,"39":12,"40":168,"41":18,"42":150,"43":18,"44":132,"45":132,"46":132,"47":18,"48":18,"49":12,"50":12,"51":12,"52":12,"53":18,"54":18,"55":18,"56":18,"57":18,"58":18,"59":18,"60":18,"61":18,"62":18,"63":132,"64":132,"65":0,"66":6,"67":1,"68":6,"69":6,"70":6,"71":6,"72":6,"73":6,"74":6,"75":6,"76":6,"77":6,"78":6,"79":6,"80":6,"81":240,"82":240,"83":240,"84":240,"85":3600,"86":1542,"87":2058,"88":240,"89":168,"90":72,"91":72,"92":1818,"93":1344,"94":474,"95":240,"96":6,"97":1},"f":{"0":1,"1":1,"2":6,"3":6},"b":{"0":[1,1,1],"1":[0,1],"2":[1,1],"3":[1,0],"4":[95,0],"5":[6,234],"6":[6,228],"7":[6,222],"8":[6,216],"9":[12,204],"10":[24,180],"11":[12,168],"12":[18,150],"13":[18,132],"14":[132,0],"15":[18,12,12,18,18,18,18,18],"16":[1542,2058],"17":[3600,2058],"18":[240,1818],"19":[168,72],"20":[1344,474],"21":[1,1]},"_coverageSchema":"1a1c01bbd47fc00a2c39e90264f33305004495a9","hash":"0a297cf2c4a8f5128a676ea6462354567cfdfbd4"}
,"/home/bikeboi/Work/uni/swe/property-tycoon/build/game_data/player.js": {"path":"/home/bikeboi/Work/uni/swe/property-tycoon/build/game_data/player.js","statementMap":{"0":{"start":{"line":9,"column":22},"end":{"line":11,"column":1}},"1":{"start":{"line":10,"column":4},"end":{"line":10,"column":62}},"2":{"start":{"line":12,"column":0},"end":{"line":12,"column":62}},"3":{"start":{"line":13,"column":15},"end":{"line":13,"column":50}},"4":{"start":{"line":19,"column":0},"end":{"line":26,"column":26}},"5":{"start":{"line":20,"column":4},"end":{"line":20,"column":38}},"6":{"start":{"line":21,"column":4},"end":{"line":21,"column":50}},"7":{"start":{"line":22,"column":4},"end":{"line":22,"column":42}},"8":{"start":{"line":23,"column":4},"end":{"line":23,"column":46}},"9":{"start":{"line":24,"column":4},"end":{"line":24,"column":36}},"10":{"start":{"line":25,"column":4},"end":{"line":25,"column":40}},"11":{"start":{"line":27,"column":0},"end":{"line":27,"column":22}},"12":{"start":{"line":30,"column":0},"end":{"line":52,"column":30}},"13":{"start":{"line":32,"column":8},"end":{"line":39,"column":10}},"14":{"start":{"line":41,"column":4},"end":{"line":41,"column":40}},"15":{"start":{"line":48,"column":24},"end":{"line":48,"column":39}},"16":{"start":{"line":49,"column":8},"end":{"line":49,"column":54}},"17":{"start":{"line":51,"column":4},"end":{"line":51,"column":24}},"18":{"start":{"line":53,"column":0},"end":{"line":53,"column":26}}},"fnMap":{"0":{"name":"(anonymous_0)","decl":{"start":{"line":9,"column":56},"end":{"line":9,"column":57}},"loc":{"start":{"line":9,"column":71},"end":{"line":11,"column":1}},"line":9},"1":{"name":"(anonymous_1)","decl":{"start":{"line":19,"column":1},"end":{"line":19,"column":2}},"loc":{"start":{"line":19,"column":18},"end":{"line":26,"column":1}},"line":19},"2":{"name":"(anonymous_2)","decl":{"start":{"line":30,"column":1},"end":{"line":30,"column":2}},"loc":{"start":{"line":30,"column":20},"end":{"line":52,"column":1}},"line":30},"3":{"name":"createPlayer","decl":{"start":{"line":31,"column":13},"end":{"line":31,"column":25}},"loc":{"start":{"line":31,"column":62},"end":{"line":40,"column":5}},"line":31},"4":{"name":"move","decl":{"start":{"line":47,"column":13},"end":{"line":47,"column":17}},"loc":{"start":{"line":47,"column":29},"end":{"line":50,"column":5}},"line":47}},"branchMap":{"0":{"loc":{"start":{"line":9,"column":22},"end":{"line":11,"column":1}},"type":"binary-expr","locations":[{"start":{"line":9,"column":23},"end":{"line":9,"column":27}},{"start":{"line":9,"column":31},"end":{"line":9,"column":51}},{"start":{"line":9,"column":56},"end":{"line":11,"column":1}}],"line":9},"1":{"loc":{"start":{"line":10,"column":11},"end":{"line":10,"column":61}},"type":"cond-expr","locations":[{"start":{"line":10,"column":37},"end":{"line":10,"column":40}},{"start":{"line":10,"column":43},"end":{"line":10,"column":61}}],"line":10},"2":{"loc":{"start":{"line":10,"column":12},"end":{"line":10,"column":33}},"type":"binary-expr","locations":[{"start":{"line":10,"column":12},"end":{"line":10,"column":15}},{"start":{"line":10,"column":19},"end":{"line":10,"column":33}}],"line":10},"3":{"loc":{"start":{"line":26,"column":3},"end":{"line":26,"column":24}},"type":"binary-expr","locations":[{"start":{"line":26,"column":3},"end":{"line":26,"column":8}},{"start":{"line":26,"column":13},"end":{"line":26,"column":23}}],"line":26},"4":{"loc":{"start":{"line":31,"column":42},"end":{"line":31,"column":60}},"type":"default-arg","locations":[{"start":{"line":31,"column":56},"end":{"line":31,"column":60}}],"line":31},"5":{"loc":{"start":{"line":52,"column":3},"end":{"line":52,"column":28}},"type":"binary-expr","locations":[{"start":{"line":52,"column":3},"end":{"line":52,"column":10}},{"start":{"line":52,"column":15},"end":{"line":52,"column":27}}],"line":52}},"s":{"0":3,"1":3,"2":3,"3":3,"4":3,"5":3,"6":3,"7":3,"8":3,"9":3,"10":3,"11":3,"12":3,"13":27,"14":3,"15":1,"16":1,"17":3,"18":3},"f":{"0":3,"1":3,"2":3,"3":27,"4":1},"b":{"0":[3,3,3],"1":[3,0],"2":[3,3],"3":[3,3],"4":[27],"5":[3,3]},"_coverageSchema":"1a1c01bbd47fc00a2c39e90264f33305004495a9","hash":"9a3e6834eb5dac94011e2421bc40d32883dc18d4"}
,"/home/bikeboi/Work/uni/swe/property-tycoon/build/game_data/response.js": {"path":"/home/bikeboi/Work/uni/swe/property-tycoon/build/game_data/response.js","statementMap":{"0":{"start":{"line":22,"column":0},"end":{"line":22,"column":62}},"1":{"start":{"line":24,"column":0},"end":{"line":48,"column":32}},"2":{"start":{"line":26,"column":4},"end":{"line":26,"column":56}},"3":{"start":{"line":27,"column":4},"end":{"line":27,"column":52}},"4":{"start":{"line":28,"column":4},"end":{"line":28,"column":46}},"5":{"start":{"line":29,"column":4},"end":{"line":29,"column":50}},"6":{"start":{"line":31,"column":4},"end":{"line":31,"column":44}},"7":{"start":{"line":32,"column":4},"end":{"line":32,"column":52}},"8":{"start":{"line":33,"column":4},"end":{"line":33,"column":50}},"9":{"start":{"line":34,"column":4},"end":{"line":34,"column":50}},"10":{"start":{"line":35,"column":4},"end":{"line":35,"column":52}},"11":{"start":{"line":36,"column":4},"end":{"line":36,"column":56}},"12":{"start":{"line":37,"column":4},"end":{"line":37,"column":61}},"13":{"start":{"line":38,"column":4},"end":{"line":38,"column":73}},"14":{"start":{"line":39,"column":4},"end":{"line":39,"column":53}},"15":{"start":{"line":41,"column":4},"end":{"line":41,"column":57}},"16":{"start":{"line":42,"column":4},"end":{"line":42,"column":69}},"17":{"start":{"line":43,"column":4},"end":{"line":43,"column":69}},"18":{"start":{"line":45,"column":4},"end":{"line":45,"column":67}},"19":{"start":{"line":47,"column":4},"end":{"line":47,"column":55}},"20":{"start":{"line":49,"column":0},"end":{"line":49,"column":28}},"21":{"start":{"line":55,"column":0},"end":{"line":150,"column":26}},"22":{"start":{"line":57,"column":8},"end":{"line":57,"column":45}},"23":{"start":{"line":59,"column":4},"end":{"line":59,"column":32}},"24":{"start":{"line":61,"column":8},"end":{"line":61,"column":43}},"25":{"start":{"line":63,"column":4},"end":{"line":63,"column":28}},"26":{"start":{"line":65,"column":8},"end":{"line":65,"column":40}},"27":{"start":{"line":67,"column":4},"end":{"line":67,"column":24}},"28":{"start":{"line":69,"column":8},"end":{"line":69,"column":42}},"29":{"start":{"line":71,"column":4},"end":{"line":71,"column":28}},"30":{"start":{"line":73,"column":8},"end":{"line":76,"column":10}},"31":{"start":{"line":78,"column":4},"end":{"line":78,"column":22}},"32":{"start":{"line":80,"column":8},"end":{"line":87,"column":10}},"33":{"start":{"line":89,"column":4},"end":{"line":89,"column":28}},"34":{"start":{"line":91,"column":8},"end":{"line":94,"column":10}},"35":{"start":{"line":96,"column":4},"end":{"line":96,"column":26}},"36":{"start":{"line":98,"column":8},"end":{"line":98,"column":42}},"37":{"start":{"line":100,"column":4},"end":{"line":100,"column":26}},"38":{"start":{"line":102,"column":8},"end":{"line":105,"column":10}},"39":{"start":{"line":107,"column":4},"end":{"line":107,"column":30}},"40":{"start":{"line":109,"column":8},"end":{"line":109,"column":45}},"41":{"start":{"line":111,"column":4},"end":{"line":111,"column":30}},"42":{"start":{"line":113,"column":8},"end":{"line":113,"column":47}},"43":{"start":{"line":115,"column":4},"end":{"line":115,"column":36}},"44":{"start":{"line":117,"column":8},"end":{"line":117,"column":53}},"45":{"start":{"line":119,"column":4},"end":{"line":119,"column":48}},"46":{"start":{"line":121,"column":8},"end":{"line":124,"column":10}},"47":{"start":{"line":126,"column":4},"end":{"line":126,"column":30}},"48":{"start":{"line":128,"column":8},"end":{"line":128,"column":45}},"49":{"start":{"line":130,"column":4},"end":{"line":130,"column":32}},"50":{"start":{"line":132,"column":8},"end":{"line":132,"column":51}},"51":{"start":{"line":134,"column":4},"end":{"line":134,"column":44}},"52":{"start":{"line":136,"column":8},"end":{"line":139,"column":10}},"53":{"start":{"line":141,"column":4},"end":{"line":141,"column":36}},"54":{"start":{"line":143,"column":8},"end":{"line":143,"column":50}},"55":{"start":{"line":145,"column":4},"end":{"line":145,"column":34}},"56":{"start":{"line":147,"column":8},"end":{"line":147,"column":44}},"57":{"start":{"line":149,"column":4},"end":{"line":149,"column":30}},"58":{"start":{"line":151,"column":0},"end":{"line":151,"column":22}}},"fnMap":{"0":{"name":"(anonymous_0)","decl":{"start":{"line":24,"column":1},"end":{"line":24,"column":2}},"loc":{"start":{"line":24,"column":21},"end":{"line":48,"column":1}},"line":24},"1":{"name":"(anonymous_1)","decl":{"start":{"line":55,"column":1},"end":{"line":55,"column":2}},"loc":{"start":{"line":55,"column":18},"end":{"line":150,"column":1}},"line":55},"2":{"name":"beginGame","decl":{"start":{"line":56,"column":13},"end":{"line":56,"column":22}},"loc":{"start":{"line":56,"column":25},"end":{"line":58,"column":5}},"line":56},"3":{"name":"endGame","decl":{"start":{"line":60,"column":13},"end":{"line":60,"column":20}},"loc":{"start":{"line":60,"column":23},"end":{"line":62,"column":5}},"line":60},"4":{"name":"pause","decl":{"start":{"line":64,"column":13},"end":{"line":64,"column":18}},"loc":{"start":{"line":64,"column":21},"end":{"line":66,"column":5}},"line":64},"5":{"name":"unpause","decl":{"start":{"line":68,"column":13},"end":{"line":68,"column":20}},"loc":{"start":{"line":68,"column":23},"end":{"line":70,"column":5}},"line":68},"6":{"name":"move","decl":{"start":{"line":72,"column":13},"end":{"line":72,"column":17}},"loc":{"start":{"line":72,"column":23},"end":{"line":77,"column":5}},"line":72},"7":{"name":"payRent","decl":{"start":{"line":79,"column":13},"end":{"line":79,"column":20}},"loc":{"start":{"line":79,"column":47},"end":{"line":88,"column":5}},"line":79},"8":{"name":"payTax","decl":{"start":{"line":90,"column":13},"end":{"line":90,"column":19}},"loc":{"start":{"line":90,"column":28},"end":{"line":95,"column":5}},"line":90},"9":{"name":"passGo","decl":{"start":{"line":97,"column":13},"end":{"line":97,"column":19}},"loc":{"start":{"line":97,"column":22},"end":{"line":99,"column":5}},"line":97},"10":{"name":"purchase","decl":{"start":{"line":101,"column":13},"end":{"line":101,"column":21}},"loc":{"start":{"line":101,"column":28},"end":{"line":106,"column":5}},"line":101},"11":{"name":"goToJail","decl":{"start":{"line":108,"column":13},"end":{"line":108,"column":21}},"loc":{"start":{"line":108,"column":24},"end":{"line":110,"column":5}},"line":108},"12":{"name":"freeParking","decl":{"start":{"line":112,"column":13},"end":{"line":112,"column":24}},"loc":{"start":{"line":112,"column":27},"end":{"line":114,"column":5}},"line":112},"13":{"name":"insufficientFunds","decl":{"start":{"line":116,"column":13},"end":{"line":116,"column":30}},"loc":{"start":{"line":116,"column":33},"end":{"line":118,"column":5}},"line":116},"14":{"name":"bankrupt","decl":{"start":{"line":120,"column":13},"end":{"line":120,"column":21}},"loc":{"start":{"line":120,"column":32},"end":{"line":125,"column":5}},"line":120},"15":{"name":"leaveJail","decl":{"start":{"line":127,"column":13},"end":{"line":127,"column":22}},"loc":{"start":{"line":127,"column":25},"end":{"line":129,"column":5}},"line":127},"16":{"name":"acquireProperty","decl":{"start":{"line":131,"column":13},"end":{"line":131,"column":28}},"loc":{"start":{"line":131,"column":35},"end":{"line":133,"column":5}},"line":131},"17":{"name":"improveProp","decl":{"start":{"line":135,"column":13},"end":{"line":135,"column":24}},"loc":{"start":{"line":135,"column":40},"end":{"line":140,"column":5}},"line":135},"18":{"name":"manageProp","decl":{"start":{"line":142,"column":13},"end":{"line":142,"column":23}},"loc":{"start":{"line":142,"column":26},"end":{"line":144,"column":5}},"line":142},"19":{"name":"nextTurn","decl":{"start":{"line":146,"column":13},"end":{"line":146,"column":21}},"loc":{"start":{"line":146,"column":24},"end":{"line":148,"column":5}},"line":146}},"branchMap":{"0":{"loc":{"start":{"line":48,"column":3},"end":{"line":48,"column":30}},"type":"binary-expr","locations":[{"start":{"line":48,"column":3},"end":{"line":48,"column":11}},{"start":{"line":48,"column":16},"end":{"line":48,"column":29}}],"line":48},"1":{"loc":{"start":{"line":150,"column":3},"end":{"line":150,"column":24}},"type":"binary-expr","locations":[{"start":{"line":150,"column":3},"end":{"line":150,"column":8}},{"start":{"line":150,"column":13},"end":{"line":150,"column":23}}],"line":150}},"s":{"0":1,"1":1,"2":1,"3":1,"4":1,"5":1,"6":1,"7":1,"8":1,"9":1,"10":1,"11":1,"12":1,"13":1,"14":1,"15":1,"16":1,"17":1,"18":1,"19":1,"20":1,"21":1,"22":0,"23":1,"24":0,"25":1,"26":0,"27":1,"28":0,"29":1,"30":0,"31":1,"32":0,"33":1,"34":0,"35":1,"36":0,"37":1,"38":0,"39":1,"40":0,"41":1,"42":0,"43":1,"44":0,"45":1,"46":0,"47":1,"48":0,"49":1,"50":0,"51":1,"52":0,"53":1,"54":0,"55":1,"56":0,"57":1,"58":1},"f":{"0":1,"1":1,"2":0,"3":0,"4":0,"5":0,"6":0,"7":0,"8":0,"9":0,"10":0,"11":0,"12":0,"13":0,"14":0,"15":0,"16":0,"17":0,"18":0,"19":0},"b":{"0":[1,1],"1":[1,1]},"_coverageSchema":"1a1c01bbd47fc00a2c39e90264f33305004495a9","hash":"1c89474e66423f63dd2dc273b8c9ee311f30b09e"}
,"/home/bikeboi/Work/uni/swe/property-tycoon/build/game_data/state.js": {"path":"/home/bikeboi/Work/uni/swe/property-tycoon/build/game_data/state.js","statementMap":{"0":{"start":{"line":9,"column":22},"end":{"line":11,"column":1}},"1":{"start":{"line":10,"column":4},"end":{"line":10,"column":62}},"2":{"start":{"line":12,"column":0},"end":{"line":12,"column":62}},"3":{"start":{"line":13,"column":15},"end":{"line":13,"column":50}},"4":{"start":{"line":27,"column":0},"end":{"line":32,"column":34}},"5":{"start":{"line":28,"column":4},"end":{"line":28,"column":60}},"6":{"start":{"line":29,"column":4},"end":{"line":29,"column":56}},"7":{"start":{"line":30,"column":4},"end":{"line":30,"column":58}},"8":{"start":{"line":31,"column":4},"end":{"line":31,"column":54}},"9":{"start":{"line":33,"column":0},"end":{"line":33,"column":30}},"10":{"start":{"line":38,"column":0},"end":{"line":63,"column":28}},"11":{"start":{"line":41,"column":8},"end":{"line":47,"column":10}},"12":{"start":{"line":49,"column":4},"end":{"line":49,"column":39}},"13":{"start":{"line":52,"column":24},"end":{"line":52,"column":42}},"14":{"start":{"line":53,"column":23},"end":{"line":53,"column":40}},"15":{"start":{"line":54,"column":26},"end":{"line":54,"column":35}},"16":{"start":{"line":55,"column":8},"end":{"line":55,"column":32}},"17":{"start":{"line":56,"column":8},"end":{"line":56,"column":66}},"18":{"start":{"line":58,"column":4},"end":{"line":58,"column":33}},"19":{"start":{"line":60,"column":8},"end":{"line":60,"column":55}},"20":{"start":{"line":62,"column":4},"end":{"line":62,"column":45}},"21":{"start":{"line":64,"column":0},"end":{"line":64,"column":24}}},"fnMap":{"0":{"name":"(anonymous_0)","decl":{"start":{"line":9,"column":56},"end":{"line":9,"column":57}},"loc":{"start":{"line":9,"column":71},"end":{"line":11,"column":1}},"line":9},"1":{"name":"(anonymous_1)","decl":{"start":{"line":27,"column":1},"end":{"line":27,"column":2}},"loc":{"start":{"line":27,"column":22},"end":{"line":32,"column":1}},"line":27},"2":{"name":"(anonymous_2)","decl":{"start":{"line":38,"column":1},"end":{"line":38,"column":2}},"loc":{"start":{"line":38,"column":19},"end":{"line":63,"column":1}},"line":38},"3":{"name":"initialState","decl":{"start":{"line":40,"column":13},"end":{"line":40,"column":25}},"loc":{"start":{"line":40,"column":28},"end":{"line":48,"column":5}},"line":40},"4":{"name":"mapPlayer","decl":{"start":{"line":51,"column":13},"end":{"line":51,"column":22}},"loc":{"start":{"line":51,"column":37},"end":{"line":57,"column":5}},"line":51},"5":{"name":"mapActivePlayer","decl":{"start":{"line":59,"column":13},"end":{"line":59,"column":28}},"loc":{"start":{"line":59,"column":39},"end":{"line":61,"column":5}},"line":59}},"branchMap":{"0":{"loc":{"start":{"line":9,"column":22},"end":{"line":11,"column":1}},"type":"binary-expr","locations":[{"start":{"line":9,"column":23},"end":{"line":9,"column":27}},{"start":{"line":9,"column":31},"end":{"line":9,"column":51}},{"start":{"line":9,"column":56},"end":{"line":11,"column":1}}],"line":9},"1":{"loc":{"start":{"line":10,"column":11},"end":{"line":10,"column":61}},"type":"cond-expr","locations":[{"start":{"line":10,"column":37},"end":{"line":10,"column":40}},{"start":{"line":10,"column":43},"end":{"line":10,"column":61}}],"line":10},"2":{"loc":{"start":{"line":10,"column":12},"end":{"line":10,"column":33}},"type":"binary-expr","locations":[{"start":{"line":10,"column":12},"end":{"line":10,"column":15}},{"start":{"line":10,"column":19},"end":{"line":10,"column":33}}],"line":10},"3":{"loc":{"start":{"line":32,"column":3},"end":{"line":32,"column":32}},"type":"binary-expr","locations":[{"start":{"line":32,"column":3},"end":{"line":32,"column":12}},{"start":{"line":32,"column":17},"end":{"line":32,"column":31}}],"line":32},"4":{"loc":{"start":{"line":63,"column":3},"end":{"line":63,"column":26}},"type":"binary-expr","locations":[{"start":{"line":63,"column":3},"end":{"line":63,"column":9}},{"start":{"line":63,"column":14},"end":{"line":63,"column":25}}],"line":63}},"s":{"0":2,"1":2,"2":2,"3":2,"4":2,"5":2,"6":2,"7":2,"8":2,"9":2,"10":2,"11":9,"12":2,"13":3,"14":3,"15":3,"16":3,"17":3,"18":2,"19":1,"20":2,"21":2},"f":{"0":2,"1":2,"2":2,"3":9,"4":3,"5":1},"b":{"0":[2,2,2],"1":[2,0],"2":[2,2],"3":[2,2],"4":[2,2]},"_coverageSchema":"1a1c01bbd47fc00a2c39e90264f33305004495a9","hash":"c0ddceb87a1e790cfb042f0ce9ea5d6c7d535de6"}
,"/home/bikeboi/Work/uni/swe/property-tycoon/build/game_data/tile.js": {"path":"/home/bikeboi/Work/uni/swe/property-tycoon/build/game_data/tile.js","statementMap":{"0":{"start":{"line":9,"column":0},"end":{"line":9,"column":62}},"1":{"start":{"line":11,"column":0},"end":{"line":18,"column":32}},"2":{"start":{"line":12,"column":4},"end":{"line":12,"column":48}},"3":{"start":{"line":13,"column":4},"end":{"line":13,"column":48}},"4":{"start":{"line":14,"column":4},"end":{"line":14,"column":42}},"5":{"start":{"line":15,"column":4},"end":{"line":15,"column":48}},"6":{"start":{"line":16,"column":4},"end":{"line":16,"column":50}},"7":{"start":{"line":17,"column":4},"end":{"line":17,"column":50}},"8":{"start":{"line":19,"column":0},"end":{"line":19,"column":28}},"9":{"start":{"line":25,"column":0},"end":{"line":28,"column":36}},"10":{"start":{"line":26,"column":4},"end":{"line":26,"column":74}},"11":{"start":{"line":27,"column":4},"end":{"line":27,"column":56}},"12":{"start":{"line":29,"column":0},"end":{"line":29,"column":32}},"13":{"start":{"line":35,"column":0},"end":{"line":40,"column":36}},"14":{"start":{"line":36,"column":4},"end":{"line":36,"column":44}},"15":{"start":{"line":37,"column":4},"end":{"line":37,"column":48}},"16":{"start":{"line":38,"column":4},"end":{"line":38,"column":54}},"17":{"start":{"line":39,"column":4},"end":{"line":39,"column":60}},"18":{"start":{"line":41,"column":0},"end":{"line":41,"column":32}},"19":{"start":{"line":52,"column":0},"end":{"line":61,"column":38}},"20":{"start":{"line":53,"column":4},"end":{"line":53,"column":52}},"21":{"start":{"line":54,"column":4},"end":{"line":54,"column":50}},"22":{"start":{"line":55,"column":4},"end":{"line":55,"column":54}},"23":{"start":{"line":56,"column":4},"end":{"line":56,"column":54}},"24":{"start":{"line":57,"column":4},"end":{"line":57,"column":48}},"25":{"start":{"line":58,"column":4},"end":{"line":58,"column":54}},"26":{"start":{"line":59,"column":4},"end":{"line":59,"column":52}},"27":{"start":{"line":60,"column":4},"end":{"line":60,"column":60}},"28":{"start":{"line":62,"column":0},"end":{"line":62,"column":34}},"29":{"start":{"line":65,"column":0},"end":{"line":151,"column":26}},"30":{"start":{"line":67,"column":8},"end":{"line":71,"column":10}},"31":{"start":{"line":73,"column":4},"end":{"line":73,"column":46}},"32":{"start":{"line":75,"column":8},"end":{"line":79,"column":10}},"33":{"start":{"line":81,"column":4},"end":{"line":81,"column":46}},"34":{"start":{"line":83,"column":8},"end":{"line":87,"column":10}},"35":{"start":{"line":89,"column":4},"end":{"line":89,"column":40}},"36":{"start":{"line":94,"column":8},"end":{"line":103,"column":10}},"37":{"start":{"line":100,"column":28},"end":{"line":100,"column":39}},"38":{"start":{"line":105,"column":4},"end":{"line":105,"column":46}},"39":{"start":{"line":107,"column":8},"end":{"line":113,"column":10}},"40":{"start":{"line":112,"column":28},"end":{"line":112,"column":38}},"41":{"start":{"line":115,"column":4},"end":{"line":115,"column":48}},"42":{"start":{"line":117,"column":8},"end":{"line":123,"column":10}},"43":{"start":{"line":122,"column":28},"end":{"line":122,"column":38}},"44":{"start":{"line":125,"column":4},"end":{"line":125,"column":48}},"45":{"start":{"line":128,"column":8},"end":{"line":128,"column":45}},"46":{"start":{"line":130,"column":4},"end":{"line":130,"column":30}},"47":{"start":{"line":132,"column":8},"end":{"line":132,"column":45}},"48":{"start":{"line":134,"column":4},"end":{"line":134,"column":30}},"49":{"start":{"line":136,"column":8},"end":{"line":136,"column":42}},"50":{"start":{"line":138,"column":4},"end":{"line":138,"column":24}},"51":{"start":{"line":140,"column":8},"end":{"line":140,"column":45}},"52":{"start":{"line":142,"column":4},"end":{"line":142,"column":30}},"53":{"start":{"line":144,"column":8},"end":{"line":144,"column":46}},"54":{"start":{"line":146,"column":4},"end":{"line":146,"column":32}},"55":{"start":{"line":148,"column":8},"end":{"line":148,"column":46}},"56":{"start":{"line":150,"column":4},"end":{"line":150,"column":32}},"57":{"start":{"line":152,"column":0},"end":{"line":152,"column":22}}},"fnMap":{"0":{"name":"(anonymous_0)","decl":{"start":{"line":11,"column":1},"end":{"line":11,"column":2}},"loc":{"start":{"line":11,"column":21},"end":{"line":18,"column":1}},"line":11},"1":{"name":"(anonymous_1)","decl":{"start":{"line":25,"column":1},"end":{"line":25,"column":2}},"loc":{"start":{"line":25,"column":23},"end":{"line":28,"column":1}},"line":25},"2":{"name":"(anonymous_2)","decl":{"start":{"line":35,"column":1},"end":{"line":35,"column":2}},"loc":{"start":{"line":35,"column":23},"end":{"line":40,"column":1}},"line":35},"3":{"name":"(anonymous_3)","decl":{"start":{"line":52,"column":1},"end":{"line":52,"column":2}},"loc":{"start":{"line":52,"column":24},"end":{"line":61,"column":1}},"line":52},"4":{"name":"(anonymous_4)","decl":{"start":{"line":65,"column":1},"end":{"line":65,"column":2}},"loc":{"start":{"line":65,"column":18},"end":{"line":151,"column":1}},"line":65},"5":{"name":"createChanceTile","decl":{"start":{"line":66,"column":13},"end":{"line":66,"column":29}},"loc":{"start":{"line":66,"column":46},"end":{"line":72,"column":5}},"line":66},"6":{"name":"createCornerTile","decl":{"start":{"line":74,"column":13},"end":{"line":74,"column":29}},"loc":{"start":{"line":74,"column":46},"end":{"line":80,"column":5}},"line":74},"7":{"name":"createTaxTile","decl":{"start":{"line":82,"column":13},"end":{"line":82,"column":26}},"loc":{"start":{"line":82,"column":45},"end":{"line":88,"column":5}},"line":82},"8":{"name":"createEstateTile","decl":{"start":{"line":93,"column":13},"end":{"line":93,"column":29}},"loc":{"start":{"line":93,"column":93},"end":{"line":104,"column":5}},"line":93},"9":{"name":"(anonymous_9)","decl":{"start":{"line":100,"column":18},"end":{"line":100,"column":19}},"loc":{"start":{"line":100,"column":28},"end":{"line":100,"column":39}},"line":100},"10":{"name":"createUtilityTile","decl":{"start":{"line":106,"column":13},"end":{"line":106,"column":30}},"loc":{"start":{"line":106,"column":60},"end":{"line":114,"column":5}},"line":106},"11":{"name":"(anonymous_11)","decl":{"start":{"line":112,"column":18},"end":{"line":112,"column":19}},"loc":{"start":{"line":112,"column":28},"end":{"line":112,"column":38}},"line":112},"12":{"name":"createStationTile","decl":{"start":{"line":116,"column":13},"end":{"line":116,"column":30}},"loc":{"start":{"line":116,"column":60},"end":{"line":124,"column":5}},"line":116},"13":{"name":"(anonymous_13)","decl":{"start":{"line":122,"column":18},"end":{"line":122,"column":19}},"loc":{"start":{"line":122,"column":28},"end":{"line":122,"column":38}},"line":122},"14":{"name":"isChance","decl":{"start":{"line":127,"column":13},"end":{"line":127,"column":21}},"loc":{"start":{"line":127,"column":25},"end":{"line":129,"column":5}},"line":127},"15":{"name":"isCorner","decl":{"start":{"line":131,"column":13},"end":{"line":131,"column":21}},"loc":{"start":{"line":131,"column":25},"end":{"line":133,"column":5}},"line":131},"16":{"name":"isTax","decl":{"start":{"line":135,"column":13},"end":{"line":135,"column":18}},"loc":{"start":{"line":135,"column":22},"end":{"line":137,"column":5}},"line":135},"17":{"name":"isEstate","decl":{"start":{"line":139,"column":13},"end":{"line":139,"column":21}},"loc":{"start":{"line":139,"column":25},"end":{"line":141,"column":5}},"line":139},"18":{"name":"isUtility","decl":{"start":{"line":143,"column":13},"end":{"line":143,"column":22}},"loc":{"start":{"line":143,"column":26},"end":{"line":145,"column":5}},"line":143},"19":{"name":"isStation","decl":{"start":{"line":147,"column":13},"end":{"line":147,"column":22}},"loc":{"start":{"line":147,"column":26},"end":{"line":149,"column":5}},"line":147}},"branchMap":{"0":{"loc":{"start":{"line":18,"column":3},"end":{"line":18,"column":30}},"type":"binary-expr","locations":[{"start":{"line":18,"column":3},"end":{"line":18,"column":11}},{"start":{"line":18,"column":16},"end":{"line":18,"column":29}}],"line":18},"1":{"loc":{"start":{"line":28,"column":3},"end":{"line":28,"column":34}},"type":"binary-expr","locations":[{"start":{"line":28,"column":3},"end":{"line":28,"column":13}},{"start":{"line":28,"column":18},"end":{"line":28,"column":33}}],"line":28},"2":{"loc":{"start":{"line":40,"column":3},"end":{"line":40,"column":34}},"type":"binary-expr","locations":[{"start":{"line":40,"column":3},"end":{"line":40,"column":13}},{"start":{"line":40,"column":18},"end":{"line":40,"column":33}}],"line":40},"3":{"loc":{"start":{"line":61,"column":3},"end":{"line":61,"column":36}},"type":"binary-expr","locations":[{"start":{"line":61,"column":3},"end":{"line":61,"column":14}},{"start":{"line":61,"column":19},"end":{"line":61,"column":35}}],"line":61},"4":{"loc":{"start":{"line":151,"column":3},"end":{"line":151,"column":24}},"type":"binary-expr","locations":[{"start":{"line":151,"column":3},"end":{"line":151,"column":8}},{"start":{"line":151,"column":13},"end":{"line":151,"column":23}}],"line":151}},"s":{"0":1,"1":1,"2":1,"3":1,"4":1,"5":1,"6":1,"7":1,"8":1,"9":1,"10":1,"11":1,"12":1,"13":1,"14":1,"15":1,"16":1,"17":1,"18":1,"19":1,"20":1,"21":1,"22":1,"23":1,"24":1,"25":1,"26":1,"27":1,"28":1,"29":1,"30":36,"31":1,"32":24,"33":1,"34":12,"35":1,"36":132,"37":0,"38":1,"39":12,"40":0,"41":1,"42":24,"43":0,"44":1,"45":0,"46":1,"47":0,"48":1,"49":0,"50":1,"51":0,"52":1,"53":0,"54":1,"55":0,"56":1,"57":1},"f":{"0":1,"1":1,"2":1,"3":1,"4":1,"5":36,"6":24,"7":12,"8":132,"9":0,"10":12,"11":0,"12":24,"13":0,"14":0,"15":0,"16":0,"17":0,"18":0,"19":0},"b":{"0":[1,1],"1":[1,1],"2":[1,1],"3":[1,1],"4":[1,1]},"_coverageSchema":"1a1c01bbd47fc00a2c39e90264f33305004495a9","hash":"9c66e7eeb51fa6d2adee445d3a581c1127455c41"}
}
