TN:
SF:build/util.js
FN:11,(anonymous_0)
FN:17,update
FN:19,(anonymous_2)
FNF:3
FNH:3
FNDA:3,(anonymous_0)
FNDA:12,update
FNDA:30,(anonymous_2)
DA:9,3
DA:11,3
DA:18,12
DA:19,12
DA:20,30
DA:22,12
DA:24,3
DA:26,3
LF:8
LH:8
BRDA:25,0,0,3
BRDA:25,0,1,3
BRF:2
BRH:2
end_of_record
TN:
SF:build/core/core.js
FN:10,(anonymous_0)
FN:17,(anonymous_1)
FN:31,(anonymous_2)
FN:39,(anonymous_3)
FN:74,(anonymous_4)
FN:78,startGame
FN:82,(anonymous_6)
FN:87,(anonymous_7)
FN:101,pauseGame
FN:110,unpauseGame
FN:119,endGame
FN:129,move
FN:133,(anonymous_12)
FN:147,(anonymous_13)
FN:154,startGame
FN:157,(anonymous_15)
FNF:16
FNH:11
FNDA:1,(anonymous_0)
FNDA:1,(anonymous_1)
FNDA:0,(anonymous_2)
FNDA:0,(anonymous_3)
FNDA:1,(anonymous_4)
FNDA:6,startGame
FNDA:24,(anonymous_6)
FNDA:20,(anonymous_7)
FNDA:1,pauseGame
FNDA:0,unpauseGame
FNDA:1,endGame
FNDA:1,move
FNDA:1,(anonymous_12)
FNDA:1,(anonymous_13)
FNDA:0,startGame
FNDA:0,(anonymous_15)
DA:10,1
DA:11,1
DA:12,0
DA:13,0
DA:14,0
DA:15,0
DA:17,1
DA:18,1
DA:20,1
DA:21,1
DA:22,1
DA:23,1
DA:24,1
DA:25,1
DA:26,1
DA:32,0
DA:40,0
DA:41,0
DA:42,0
DA:45,0
DA:47,0
DA:48,0
DA:50,0
DA:51,0
DA:53,0
DA:54,0
DA:56,0
DA:57,0
DA:59,0
DA:60,0
DA:62,0
DA:63,0
DA:68,0
DA:71,1
DA:74,1
DA:79,6
DA:81,6
DA:82,6
DA:83,24
DA:84,24
DA:87,20
DA:88,6
DA:94,6
DA:96,1
DA:102,1
DA:103,1
DA:105,1
DA:111,0
DA:112,0
DA:114,1
DA:120,1
DA:121,1
DA:123,1
DA:130,1
DA:131,1
DA:132,1
DA:133,1
DA:134,1
DA:136,1
DA:137,1
DA:138,1
DA:140,1
DA:142,1
DA:147,1
DA:155,0
DA:156,0
DA:157,0
DA:159,0
DA:161,0
DA:169,0
DA:171,1
DA:174,1
LF:72
LH:42
BRDA:10,0,0,1
BRDA:10,0,1,1
BRDA:10,0,2,1
BRDA:11,1,0,1
BRDA:11,1,1,0
BRDA:11,2,0,1
BRDA:11,2,1,1
BRDA:13,3,0,0
BRDA:13,3,1,0
BRDA:13,4,0,0
BRDA:13,4,1,0
BRDA:17,5,0,1
BRDA:17,5,1,1
BRDA:17,5,2,1
BRDA:18,6,0,1
BRDA:18,6,1,0
BRDA:18,7,0,1
BRDA:18,7,1,1
BRDA:42,8,0,0
BRDA:42,8,1,0
BRDA:48,9,0,0
BRDA:48,9,1,0
BRDA:48,9,2,0
BRDA:48,9,3,0
BRDA:48,9,4,0
BRDA:84,10,0,4
BRDA:84,10,1,20
BRDA:136,11,0,0
BRDA:136,11,1,1
BRDA:172,12,0,1
BRDA:172,12,1,1
BRDA:173,13,0,1
BRDA:173,13,1,1
BRF:33
BRH:19
end_of_record
TN:
SF:build/game_data/command.js
FN:23,(anonymous_0)
FN:40,(anonymous_1)
FN:45,startGame
FN:56,endGame
FN:63,pauseGame
FN:70,unpauseGame
FN:78,movePlayer
FN:89,buy
FN:100,pass
FN:110,bail
FN:120,improve
FN:130,nextTurn
FN:139,renderCommand
FNF:13
FNH:2
FNDA:1,(anonymous_0)
FNDA:1,(anonymous_1)
FNDA:0,startGame
FNDA:0,endGame
FNDA:0,pauseGame
FNDA:0,unpauseGame
FNDA:0,movePlayer
FNDA:0,buy
FNDA:0,pass
FNDA:0,bail
FNDA:0,improve
FNDA:0,nextTurn
FNDA:0,renderCommand
DA:13,1
DA:23,1
DA:24,1
DA:25,1
DA:26,1
DA:27,1
DA:28,1
DA:29,1
DA:30,1
DA:31,1
DA:32,1
DA:33,1
DA:35,1
DA:40,1
DA:46,0
DA:51,1
DA:57,0
DA:59,1
DA:64,0
DA:66,1
DA:71,0
DA:73,1
DA:79,0
DA:84,1
DA:90,0
DA:95,1
DA:101,0
DA:106,1
DA:111,0
DA:113,1
DA:121,0
DA:126,1
DA:131,0
DA:133,1
DA:140,0
DA:141,0
DA:143,0
DA:145,1
DA:147,1
LF:39
LH:26
BRDA:34,0,0,1
BRDA:34,0,1,1
BRDA:146,1,0,1
BRDA:146,1,1,1
BRF:4
BRH:4
end_of_record
TN:
SF:build/game_data/importer.js
FN:9,(anonymous_0)
FN:31,(anonymous_1)
FN:36,getTiles
FN:123,parseCSVTileData
FNF:4
FNH:4
FNDA:1,(anonymous_0)
FNDA:1,(anonymous_1)
FNDA:6,getTiles
FNDA:6,parseCSVTileData
DA:9,1
DA:10,1
DA:11,1
DA:12,95
DA:13,1
DA:14,1
DA:16,1
DA:17,1
DA:18,1
DA:20,1
DA:21,1
DA:23,1
DA:24,1
DA:25,1
DA:26,1
DA:27,1
DA:28,1
DA:31,1
DA:37,6
DA:38,6
DA:40,6
DA:41,240
DA:43,240
DA:44,6
DA:46,234
DA:47,6
DA:49,228
DA:50,6
DA:52,222
DA:53,6
DA:56,216
DA:57,12
DA:60,204
DA:61,24
DA:64,180
DA:65,12
DA:68,168
DA:69,18
DA:72,150
DA:73,18
DA:76,132
DA:78,132
DA:79,132
DA:81,18
DA:82,18
DA:84,12
DA:85,12
DA:87,12
DA:88,12
DA:90,18
DA:91,18
DA:93,18
DA:94,18
DA:96,18
DA:97,18
DA:99,18
DA:100,18
DA:102,18
DA:103,18
DA:106,132
DA:108,132
DA:114,0
DA:116,6
DA:118,1
DA:124,6
DA:125,6
DA:127,6
DA:128,6
DA:129,6
DA:130,6
DA:131,6
DA:132,6
DA:133,6
DA:135,6
DA:146,6
DA:148,6
DA:149,240
DA:150,240
DA:152,240
DA:154,3600
DA:155,1542
DA:158,2058
DA:159,240
DA:160,168
DA:162,72
DA:163,72
DA:167,1818
DA:168,1344
DA:172,474
DA:175,240
DA:177,6
DA:180,1
LF:92
LH:91
BRDA:9,0,0,1
BRDA:9,0,1,1
BRDA:9,0,2,1
BRDA:10,1,0,0
BRDA:10,1,1,1
BRDA:10,2,0,1
BRDA:10,2,1,1
BRDA:12,3,0,1
BRDA:12,3,1,0
BRDA:12,4,0,95
BRDA:12,4,1,0
BRDA:43,5,0,6
BRDA:43,5,1,234
BRDA:46,6,0,6
BRDA:46,6,1,228
BRDA:49,7,0,6
BRDA:49,7,1,222
BRDA:52,8,0,6
BRDA:52,8,1,216
BRDA:56,9,0,12
BRDA:56,9,1,204
BRDA:60,10,0,24
BRDA:60,10,1,180
BRDA:64,11,0,12
BRDA:64,11,1,168
BRDA:68,12,0,18
BRDA:68,12,1,150
BRDA:72,13,0,18
BRDA:72,13,1,132
BRDA:76,14,0,132
BRDA:76,14,1,0
BRDA:79,15,0,18
BRDA:79,15,1,12
BRDA:79,15,2,12
BRDA:79,15,3,18
BRDA:79,15,4,18
BRDA:79,15,5,18
BRDA:79,15,6,18
BRDA:79,15,7,18
BRDA:154,16,0,1542
BRDA:154,16,1,2058
BRDA:154,17,0,3600
BRDA:154,17,1,2058
BRDA:158,18,0,240
BRDA:158,18,1,1818
BRDA:159,19,0,168
BRDA:159,19,1,72
BRDA:167,20,0,1344
BRDA:167,20,1,474
BRDA:179,21,0,1
BRDA:179,21,1,1
BRF:51
BRH:47
end_of_record
TN:
SF:build/game_data/player.js
FN:9,(anonymous_0)
FN:19,(anonymous_1)
FN:30,(anonymous_2)
FN:31,createPlayer
FN:47,move
FNF:5
FNH:5
FNDA:3,(anonymous_0)
FNDA:3,(anonymous_1)
FNDA:3,(anonymous_2)
FNDA:27,createPlayer
FNDA:1,move
DA:9,3
DA:10,3
DA:12,3
DA:13,3
DA:19,3
DA:20,3
DA:21,3
DA:22,3
DA:23,3
DA:24,3
DA:25,3
DA:27,3
DA:30,3
DA:32,27
DA:41,3
DA:48,1
DA:49,1
DA:51,3
DA:53,3
LF:19
LH:19
BRDA:9,0,0,3
BRDA:9,0,1,3
BRDA:9,0,2,3
BRDA:10,1,0,3
BRDA:10,1,1,0
BRDA:10,2,0,3
BRDA:10,2,1,3
BRDA:26,3,0,3
BRDA:26,3,1,3
BRDA:31,4,0,27
BRDA:52,5,0,3
BRDA:52,5,1,3
BRF:12
BRH:11
end_of_record
TN:
SF:build/game_data/response.js
FN:24,(anonymous_0)
FN:55,(anonymous_1)
FN:56,beginGame
FN:60,endGame
FN:64,pause
FN:68,unpause
FN:72,move
FN:79,payRent
FN:90,payTax
FN:97,passGo
FN:101,purchase
FN:108,goToJail
FN:112,freeParking
FN:116,insufficientFunds
FN:120,bankrupt
FN:127,leaveJail
FN:131,acquireProperty
FN:135,improveProp
FN:142,manageProp
FN:146,nextTurn
FNF:20
FNH:2
FNDA:1,(anonymous_0)
FNDA:1,(anonymous_1)
FNDA:0,beginGame
FNDA:0,endGame
FNDA:0,pause
FNDA:0,unpause
FNDA:0,move
FNDA:0,payRent
FNDA:0,payTax
FNDA:0,passGo
FNDA:0,purchase
FNDA:0,goToJail
FNDA:0,freeParking
FNDA:0,insufficientFunds
FNDA:0,bankrupt
FNDA:0,leaveJail
FNDA:0,acquireProperty
FNDA:0,improveProp
FNDA:0,manageProp
FNDA:0,nextTurn
DA:22,1
DA:24,1
DA:26,1
DA:27,1
DA:28,1
DA:29,1
DA:31,1
DA:32,1
DA:33,1
DA:34,1
DA:35,1
DA:36,1
DA:37,1
DA:38,1
DA:39,1
DA:41,1
DA:42,1
DA:43,1
DA:45,1
DA:47,1
DA:49,1
DA:55,1
DA:57,0
DA:59,1
DA:61,0
DA:63,1
DA:65,0
DA:67,1
DA:69,0
DA:71,1
DA:73,0
DA:78,1
DA:80,0
DA:89,1
DA:91,0
DA:96,1
DA:98,0
DA:100,1
DA:102,0
DA:107,1
DA:109,0
DA:111,1
DA:113,0
DA:115,1
DA:117,0
DA:119,1
DA:121,0
DA:126,1
DA:128,0
DA:130,1
DA:132,0
DA:134,1
DA:136,0
DA:141,1
DA:143,0
DA:145,1
DA:147,0
DA:149,1
DA:151,1
LF:59
LH:41
BRDA:48,0,0,1
BRDA:48,0,1,1
BRDA:150,1,0,1
BRDA:150,1,1,1
BRF:4
BRH:4
end_of_record
TN:
SF:build/game_data/state.js
FN:9,(anonymous_0)
FN:27,(anonymous_1)
FN:38,(anonymous_2)
FN:40,initialState
FN:51,mapPlayer
FN:59,mapActivePlayer
FNF:6
FNH:6
FNDA:2,(anonymous_0)
FNDA:2,(anonymous_1)
FNDA:2,(anonymous_2)
FNDA:9,initialState
FNDA:3,mapPlayer
FNDA:1,mapActivePlayer
DA:9,2
DA:10,2
DA:12,2
DA:13,2
DA:27,2
DA:28,2
DA:29,2
DA:30,2
DA:31,2
DA:33,2
DA:38,2
DA:41,9
DA:49,2
DA:52,3
DA:53,3
DA:54,3
DA:55,3
DA:56,3
DA:58,2
DA:60,1
DA:62,2
DA:64,2
LF:22
LH:22
BRDA:9,0,0,2
BRDA:9,0,1,2
BRDA:9,0,2,2
BRDA:10,1,0,2
BRDA:10,1,1,0
BRDA:10,2,0,2
BRDA:10,2,1,2
BRDA:32,3,0,2
BRDA:32,3,1,2
BRDA:63,4,0,2
BRDA:63,4,1,2
BRF:11
BRH:10
end_of_record
TN:
SF:build/game_data/tile.js
FN:11,(anonymous_0)
FN:25,(anonymous_1)
FN:35,(anonymous_2)
FN:52,(anonymous_3)
FN:65,(anonymous_4)
FN:66,createChanceTile
FN:74,createCornerTile
FN:82,createTaxTile
FN:93,createEstateTile
FN:100,(anonymous_9)
FN:106,createUtilityTile
FN:112,(anonymous_11)
FN:116,createStationTile
FN:122,(anonymous_13)
FN:127,isChance
FN:131,isCorner
FN:135,isTax
FN:139,isEstate
FN:143,isUtility
FN:147,isStation
FNF:20
FNH:11
FNDA:1,(anonymous_0)
FNDA:1,(anonymous_1)
FNDA:1,(anonymous_2)
FNDA:1,(anonymous_3)
FNDA:1,(anonymous_4)
FNDA:36,createChanceTile
FNDA:24,createCornerTile
FNDA:12,createTaxTile
FNDA:132,createEstateTile
FNDA:0,(anonymous_9)
FNDA:12,createUtilityTile
FNDA:0,(anonymous_11)
FNDA:24,createStationTile
FNDA:0,(anonymous_13)
FNDA:0,isChance
FNDA:0,isCorner
FNDA:0,isTax
FNDA:0,isEstate
FNDA:0,isUtility
FNDA:0,isStation
DA:9,1
DA:11,1
DA:12,1
DA:13,1
DA:14,1
DA:15,1
DA:16,1
DA:17,1
DA:19,1
DA:25,1
DA:26,1
DA:27,1
DA:29,1
DA:35,1
DA:36,1
DA:37,1
DA:38,1
DA:39,1
DA:41,1
DA:52,1
DA:53,1
DA:54,1
DA:55,1
DA:56,1
DA:57,1
DA:58,1
DA:59,1
DA:60,1
DA:62,1
DA:65,1
DA:67,36
DA:73,1
DA:75,24
DA:81,1
DA:83,12
DA:89,1
DA:94,132
DA:100,0
DA:105,1
DA:107,12
DA:112,0
DA:115,1
DA:117,24
DA:122,0
DA:125,1
DA:128,0
DA:130,1
DA:132,0
DA:134,1
DA:136,0
DA:138,1
DA:140,0
DA:142,1
DA:144,0
DA:146,1
DA:148,0
DA:150,1
DA:152,1
LF:58
LH:49
BRDA:18,0,0,1
BRDA:18,0,1,1
BRDA:28,1,0,1
BRDA:28,1,1,1
BRDA:40,2,0,1
BRDA:40,2,1,1
BRDA:61,3,0,1
BRDA:61,3,1,1
BRDA:151,4,0,1
BRDA:151,4,1,1
BRF:10
BRH:10
end_of_record
